2021-05-10 11:23:41.1326|INFO|StudentInfo.API.Program|Initializing application...
2021-05-10 11:23:46.2085|INFO|Microsoft.EntityFrameworkCore.Infrastructure|Entity Framework Core 2.1.14-servicing-32113 initialized 'StudentInfoContext' using provider 'Microsoft.EntityFrameworkCore.SqlServer' with options: None
2021-05-10 11:24:05.4469|INFO|Microsoft.EntityFrameworkCore.Database.Command|Executed DbCommand (232ms) [Parameters=[], CommandType='Text', CommandTimeout='60']
IF SERVERPROPERTY('EngineEdition') <> 5
BEGIN
    ALTER DATABASE [StudentInfoDB] SET SINGLE_USER WITH ROLLBACK IMMEDIATE;
END;
2021-05-10 11:24:05.9200|INFO|Microsoft.EntityFrameworkCore.Database.Command|Executed DbCommand (455ms) [Parameters=[], CommandType='Text', CommandTimeout='60']
DROP DATABASE [StudentInfoDB];
2021-05-10 11:24:20.9635|INFO|Microsoft.EntityFrameworkCore.Database.Command|Executed DbCommand (4,992ms) [Parameters=[], CommandType='Text', CommandTimeout='60']
CREATE DATABASE [StudentInfoDB];
2021-05-10 11:24:21.6832|INFO|Microsoft.EntityFrameworkCore.Database.Command|Executed DbCommand (708ms) [Parameters=[], CommandType='Text', CommandTimeout='60']
IF SERVERPROPERTY('EngineEdition') <> 5
BEGIN
    ALTER DATABASE [StudentInfoDB] SET READ_COMMITTED_SNAPSHOT ON;
END;
2021-05-10 11:24:22.0111|INFO|Microsoft.EntityFrameworkCore.Database.Command|Executed DbCommand (176ms) [Parameters=[], CommandType='Text', CommandTimeout='30']
CREATE TABLE [__EFMigrationsHistory] (
    [MigrationId] nvarchar(150) NOT NULL,
    [ProductVersion] nvarchar(32) NOT NULL,
    CONSTRAINT [PK___EFMigrationsHistory] PRIMARY KEY ([MigrationId])
);
2021-05-10 11:24:22.0170|INFO|Microsoft.EntityFrameworkCore.Database.Command|Executed DbCommand (2ms) [Parameters=[], CommandType='Text', CommandTimeout='30']
SELECT OBJECT_ID(N'[__EFMigrationsHistory]');
2021-05-10 11:24:22.0170|INFO|Microsoft.EntityFrameworkCore.Database.Command|Executed DbCommand (2ms) [Parameters=[], CommandType='Text', CommandTimeout='30']
SELECT [MigrationId], [ProductVersion]
FROM [__EFMigrationsHistory]
ORDER BY [MigrationId];
2021-05-10 11:24:22.0341|INFO|Microsoft.EntityFrameworkCore.Migrations|Applying migration '20210504162233_StudentInfoDBInitialMigration'.
2021-05-10 11:24:22.0794|INFO|Microsoft.EntityFrameworkCore.Database.Command|Executed DbCommand (5ms) [Parameters=[], CommandType='Text', CommandTimeout='30']
CREATE TABLE [Students] (
    [Id] int NOT NULL IDENTITY,
    [First_Name] nvarchar(50) NOT NULL,
    [Last_Name] nvarchar(50) NOT NULL,
    [City] nvarchar(20) NOT NULL,
    [Phone] bigint NOT NULL,
    CONSTRAINT [PK_Students] PRIMARY KEY ([Id])
);
2021-05-10 11:24:22.0961|INFO|Microsoft.EntityFrameworkCore.Database.Command|Executed DbCommand (6ms) [Parameters=[], CommandType='Text', CommandTimeout='30']
INSERT INTO [__EFMigrationsHistory] ([MigrationId], [ProductVersion])
VALUES (N'20210504162233_StudentInfoDBInitialMigration', N'2.1.14-servicing-32113');
2021-05-10 11:24:22.0961|INFO|Microsoft.EntityFrameworkCore.Migrations|Applying migration '20210504162904_SampleData'.
2021-05-10 11:24:22.4104|INFO|Microsoft.EntityFrameworkCore.Database.Command|Executed DbCommand (290ms) [Parameters=[], CommandType='Text', CommandTimeout='30']
IF EXISTS (SELECT * FROM [sys].[identity_columns] WHERE [name] IN (N'Id', N'City', N'First_Name', N'Last_Name', N'Phone') AND [object_id] = OBJECT_ID(N'[Students]'))
    SET IDENTITY_INSERT [Students] ON;
INSERT INTO [Students] ([Id], [City], [First_Name], [Last_Name], [Phone])
VALUES (1, N'Pune', N'Parth', N'Darekar', CAST(9876543210 AS bigint));
IF EXISTS (SELECT * FROM [sys].[identity_columns] WHERE [name] IN (N'Id', N'City', N'First_Name', N'Last_Name', N'Phone') AND [object_id] = OBJECT_ID(N'[Students]'))
    SET IDENTITY_INSERT [Students] OFF;
2021-05-10 11:24:22.4330|INFO|Microsoft.EntityFrameworkCore.Database.Command|Executed DbCommand (18ms) [Parameters=[], CommandType='Text', CommandTimeout='30']
IF EXISTS (SELECT * FROM [sys].[identity_columns] WHERE [name] IN (N'Id', N'City', N'First_Name', N'Last_Name', N'Phone') AND [object_id] = OBJECT_ID(N'[Students]'))
    SET IDENTITY_INSERT [Students] ON;
INSERT INTO [Students] ([Id], [City], [First_Name], [Last_Name], [Phone])
VALUES (2, N'Satara', N'Nupur', N'Darekar', CAST(76543234567 AS bigint));
IF EXISTS (SELECT * FROM [sys].[identity_columns] WHERE [name] IN (N'Id', N'City', N'First_Name', N'Last_Name', N'Phone') AND [object_id] = OBJECT_ID(N'[Students]'))
    SET IDENTITY_INSERT [Students] OFF;
2021-05-10 11:24:22.4518|INFO|Microsoft.EntityFrameworkCore.Database.Command|Executed DbCommand (15ms) [Parameters=[], CommandType='Text', CommandTimeout='30']
IF EXISTS (SELECT * FROM [sys].[identity_columns] WHERE [name] IN (N'Id', N'City', N'First_Name', N'Last_Name', N'Phone') AND [object_id] = OBJECT_ID(N'[Students]'))
    SET IDENTITY_INSERT [Students] ON;
INSERT INTO [Students] ([Id], [City], [First_Name], [Last_Name], [Phone])
VALUES (3, N'Kolhapur', N'Nachiket', N'Joshi', CAST(1234567890 AS bigint));
IF EXISTS (SELECT * FROM [sys].[identity_columns] WHERE [name] IN (N'Id', N'City', N'First_Name', N'Last_Name', N'Phone') AND [object_id] = OBJECT_ID(N'[Students]'))
    SET IDENTITY_INSERT [Students] OFF;
2021-05-10 11:24:22.4580|INFO|Microsoft.EntityFrameworkCore.Database.Command|Executed DbCommand (1ms) [Parameters=[], CommandType='Text', CommandTimeout='30']
INSERT INTO [__EFMigrationsHistory] ([MigrationId], [ProductVersion])
VALUES (N'20210504162904_SampleData', N'2.1.14-servicing-32113');
2021-05-10 11:24:22.5991|INFO|Microsoft.AspNetCore.DataProtection.KeyManagement.XmlKeyManager|User profile is available. Using 'C:\Users\OWNER\AppData\Local\ASP.NET\DataProtection-Keys' as key repository and Windows DPAPI to encrypt keys at rest.
2021-05-10 11:24:23.9868|INFO|Microsoft.AspNetCore.Hosting.Internal.WebHost|Request starting HTTP/1.1 GET http://localhost:44349/  
2021-05-10 11:24:23.9868|INFO|Microsoft.AspNetCore.Hosting.Internal.WebHost|Request starting HTTP/1.1 DEBUG http://localhost:33402/  0
2021-05-10 11:24:24.0295|INFO|Microsoft.AspNetCore.Hosting.Internal.WebHost|Request finished in 41.0923ms 200 
2021-05-10 11:24:24.2219|INFO|Microsoft.AspNetCore.Hosting.Internal.WebHost|Request finished in 238.8178ms 404 
2021-05-10 11:25:36.0234|INFO|Microsoft.AspNetCore.Hosting.Internal.WebHost|Request starting HTTP/1.1 GET http://localhost:44349/student/list  
2021-05-10 11:25:36.0411|INFO|Microsoft.AspNetCore.Hosting.Internal.WebHost|Request finished in 20.6199ms 404 
2021-05-10 11:42:52.6980|INFO|StudentInfo.API.Program|Initializing application...
2021-05-10 11:42:57.4262|INFO|Microsoft.EntityFrameworkCore.Infrastructure|Entity Framework Core 2.1.14-servicing-32113 initialized 'StudentInfoContext' using provider 'Microsoft.EntityFrameworkCore.SqlServer' with options: None
2021-05-10 11:43:03.9165|INFO|Microsoft.EntityFrameworkCore.Database.Command|Executed DbCommand (6ms) [Parameters=[], CommandType='Text', CommandTimeout='60']
IF SERVERPROPERTY('EngineEdition') <> 5
BEGIN
    ALTER DATABASE [StudentInfoDB] SET SINGLE_USER WITH ROLLBACK IMMEDIATE;
END;
2021-05-10 11:43:04.1453|INFO|Microsoft.EntityFrameworkCore.Database.Command|Executed DbCommand (222ms) [Parameters=[], CommandType='Text', CommandTimeout='60']
DROP DATABASE [StudentInfoDB];
2021-05-10 11:43:15.9540|INFO|Microsoft.EntityFrameworkCore.Database.Command|Executed DbCommand (1,754ms) [Parameters=[], CommandType='Text', CommandTimeout='60']
CREATE DATABASE [StudentInfoDB];
2021-05-10 11:43:16.1919|INFO|Microsoft.EntityFrameworkCore.Database.Command|Executed DbCommand (234ms) [Parameters=[], CommandType='Text', CommandTimeout='60']
IF SERVERPROPERTY('EngineEdition') <> 5
BEGIN
    ALTER DATABASE [StudentInfoDB] SET READ_COMMITTED_SNAPSHOT ON;
END;
2021-05-10 11:43:16.2838|INFO|Microsoft.EntityFrameworkCore.Database.Command|Executed DbCommand (9ms) [Parameters=[], CommandType='Text', CommandTimeout='30']
CREATE TABLE [__EFMigrationsHistory] (
    [MigrationId] nvarchar(150) NOT NULL,
    [ProductVersion] nvarchar(32) NOT NULL,
    CONSTRAINT [PK___EFMigrationsHistory] PRIMARY KEY ([MigrationId])
);
2021-05-10 11:43:16.2838|INFO|Microsoft.EntityFrameworkCore.Database.Command|Executed DbCommand (4ms) [Parameters=[], CommandType='Text', CommandTimeout='30']
SELECT OBJECT_ID(N'[__EFMigrationsHistory]');
2021-05-10 11:43:16.3111|INFO|Microsoft.EntityFrameworkCore.Database.Command|Executed DbCommand (2ms) [Parameters=[], CommandType='Text', CommandTimeout='30']
SELECT [MigrationId], [ProductVersion]
FROM [__EFMigrationsHistory]
ORDER BY [MigrationId];
2021-05-10 11:43:16.3335|INFO|Microsoft.EntityFrameworkCore.Migrations|Applying migration '20210504162233_StudentInfoDBInitialMigration'.
2021-05-10 11:43:16.3634|INFO|Microsoft.EntityFrameworkCore.Database.Command|Executed DbCommand (3ms) [Parameters=[], CommandType='Text', CommandTimeout='30']
CREATE TABLE [Students] (
    [Id] int NOT NULL IDENTITY,
    [First_Name] nvarchar(50) NOT NULL,
    [Last_Name] nvarchar(50) NOT NULL,
    [City] nvarchar(20) NOT NULL,
    [Phone] bigint NOT NULL,
    CONSTRAINT [PK_Students] PRIMARY KEY ([Id])
);
2021-05-10 11:43:16.3634|INFO|Microsoft.EntityFrameworkCore.Database.Command|Executed DbCommand (8ms) [Parameters=[], CommandType='Text', CommandTimeout='30']
INSERT INTO [__EFMigrationsHistory] ([MigrationId], [ProductVersion])
VALUES (N'20210504162233_StudentInfoDBInitialMigration', N'2.1.14-servicing-32113');
2021-05-10 11:43:16.3795|INFO|Microsoft.EntityFrameworkCore.Migrations|Applying migration '20210504162904_SampleData'.
2021-05-10 11:43:16.7125|INFO|Microsoft.EntityFrameworkCore.Database.Command|Executed DbCommand (315ms) [Parameters=[], CommandType='Text', CommandTimeout='30']
IF EXISTS (SELECT * FROM [sys].[identity_columns] WHERE [name] IN (N'Id', N'City', N'First_Name', N'Last_Name', N'Phone') AND [object_id] = OBJECT_ID(N'[Students]'))
    SET IDENTITY_INSERT [Students] ON;
INSERT INTO [Students] ([Id], [City], [First_Name], [Last_Name], [Phone])
VALUES (1, N'Pune', N'Parth', N'Darekar', CAST(9876543210 AS bigint));
IF EXISTS (SELECT * FROM [sys].[identity_columns] WHERE [name] IN (N'Id', N'City', N'First_Name', N'Last_Name', N'Phone') AND [object_id] = OBJECT_ID(N'[Students]'))
    SET IDENTITY_INSERT [Students] OFF;
2021-05-10 11:43:16.7351|INFO|Microsoft.EntityFrameworkCore.Database.Command|Executed DbCommand (18ms) [Parameters=[], CommandType='Text', CommandTimeout='30']
IF EXISTS (SELECT * FROM [sys].[identity_columns] WHERE [name] IN (N'Id', N'City', N'First_Name', N'Last_Name', N'Phone') AND [object_id] = OBJECT_ID(N'[Students]'))
    SET IDENTITY_INSERT [Students] ON;
INSERT INTO [Students] ([Id], [City], [First_Name], [Last_Name], [Phone])
VALUES (2, N'Satara', N'Nupur', N'Darekar', CAST(76543234567 AS bigint));
IF EXISTS (SELECT * FROM [sys].[identity_columns] WHERE [name] IN (N'Id', N'City', N'First_Name', N'Last_Name', N'Phone') AND [object_id] = OBJECT_ID(N'[Students]'))
    SET IDENTITY_INSERT [Students] OFF;
2021-05-10 11:43:16.7532|INFO|Microsoft.EntityFrameworkCore.Database.Command|Executed DbCommand (14ms) [Parameters=[], CommandType='Text', CommandTimeout='30']
IF EXISTS (SELECT * FROM [sys].[identity_columns] WHERE [name] IN (N'Id', N'City', N'First_Name', N'Last_Name', N'Phone') AND [object_id] = OBJECT_ID(N'[Students]'))
    SET IDENTITY_INSERT [Students] ON;
INSERT INTO [Students] ([Id], [City], [First_Name], [Last_Name], [Phone])
VALUES (3, N'Kolhapur', N'Nachiket', N'Joshi', CAST(1234567890 AS bigint));
IF EXISTS (SELECT * FROM [sys].[identity_columns] WHERE [name] IN (N'Id', N'City', N'First_Name', N'Last_Name', N'Phone') AND [object_id] = OBJECT_ID(N'[Students]'))
    SET IDENTITY_INSERT [Students] OFF;
2021-05-10 11:43:16.7532|INFO|Microsoft.EntityFrameworkCore.Database.Command|Executed DbCommand (4ms) [Parameters=[], CommandType='Text', CommandTimeout='30']
INSERT INTO [__EFMigrationsHistory] ([MigrationId], [ProductVersion])
VALUES (N'20210504162904_SampleData', N'2.1.14-servicing-32113');
2021-05-10 11:43:16.8377|INFO|Microsoft.AspNetCore.DataProtection.KeyManagement.XmlKeyManager|User profile is available. Using 'C:\Users\OWNER\AppData\Local\ASP.NET\DataProtection-Keys' as key repository and Windows DPAPI to encrypt keys at rest.
2021-05-10 11:43:17.6459|INFO|Microsoft.AspNetCore.Hosting.Internal.WebHost|Request starting HTTP/1.1 GET http://localhost:44349/  
2021-05-10 11:43:17.6459|INFO|Microsoft.AspNetCore.Hosting.Internal.WebHost|Request starting HTTP/1.1 DEBUG http://localhost:33402/  0
2021-05-10 11:43:17.6878|INFO|Microsoft.AspNetCore.Hosting.Internal.WebHost|Request finished in 35.8261ms 200 
2021-05-10 11:43:17.9217|INFO|Microsoft.AspNetCore.Hosting.Internal.WebHost|Request finished in 273.026ms 404 
2021-05-10 11:43:32.6578|INFO|Microsoft.AspNetCore.Hosting.Internal.WebHost|Request starting HTTP/1.1 GET http://localhost:44349/student/list  
2021-05-10 11:43:32.6578|INFO|Microsoft.AspNetCore.Hosting.Internal.WebHost|Request finished in 6.2561ms 404 
2021-05-10 11:43:37.2685|INFO|Microsoft.AspNetCore.Hosting.Internal.WebHost|Request starting HTTP/1.1 GET http://localhost:33402/api/students  
2021-05-10 11:43:37.3412|INFO|Microsoft.AspNetCore.Mvc.Internal.ControllerActionInvoker|Route matched with {action = "GetStudents", controller = "Student"}. Executing controller action with signature Microsoft.AspNetCore.Mvc.IActionResult GetStudents() on controller StudentInfo.API.Controllers.StudentController (StudentInfo.API).
2021-05-10 11:43:37.4216|INFO|Microsoft.AspNetCore.Mvc.Internal.ControllerActionInvoker|Executing action method StudentInfo.API.Controllers.StudentController.GetStudents (StudentInfo.API) - Validation state: Valid
2021-05-10 11:43:37.4831|INFO|Microsoft.EntityFrameworkCore.Infrastructure|Entity Framework Core 2.1.14-servicing-32113 initialized 'StudentInfoContext' using provider 'Microsoft.EntityFrameworkCore.SqlServer' with options: None
2021-05-10 11:43:37.9127|INFO|Microsoft.EntityFrameworkCore.Database.Command|Executed DbCommand (3ms) [Parameters=[], CommandType='Text', CommandTimeout='30']
SELECT [c].[Id], [c].[City], [c].[First_Name], [c].[Last_Name], [c].[Phone]
FROM [Students] AS [c]
ORDER BY [c].[Id]
2021-05-10 11:43:38.1492|INFO|Microsoft.AspNetCore.Mvc.Internal.ControllerActionInvoker|Executed action method StudentInfo.API.Controllers.StudentController.GetStudents (StudentInfo.API), returned result Microsoft.AspNetCore.Mvc.OkObjectResult in 702.2235ms.
2021-05-10 11:43:38.1796|INFO|Microsoft.AspNetCore.Mvc.Infrastructure.ObjectResultExecutor|Executing ObjectResult, writing value of type 'System.Collections.Generic.List`1[[StudentInfo.API.Models.StudentDto, StudentInfo.API, Version=1.0.0.0, Culture=neutral, PublicKeyToken=null]]'.
2021-05-10 11:43:38.4496|INFO|Microsoft.AspNetCore.Mvc.Internal.ControllerActionInvoker|Executed action StudentInfo.API.Controllers.StudentController.GetStudents (StudentInfo.API) in 1083.789ms
2021-05-10 11:43:38.4743|INFO|Microsoft.AspNetCore.Hosting.Internal.WebHost|Request finished in 1207.3645ms 200 application/json; charset=utf-8
2021-05-10 11:43:43.3217|INFO|Microsoft.AspNetCore.Hosting.Internal.WebHost|Request starting HTTP/1.1 GET http://localhost:44349/student/list  
2021-05-10 11:43:43.3217|INFO|Microsoft.AspNetCore.Hosting.Internal.WebHost|Request finished in 6.294ms 404 
2021-05-10 11:44:00.2430|INFO|Microsoft.AspNetCore.Hosting.Internal.WebHost|Request starting HTTP/1.1 GET http://localhost:44349/student/list  
2021-05-10 11:44:00.2532|INFO|Microsoft.AspNetCore.Hosting.Internal.WebHost|Request finished in 8.7032ms 404 
2021-05-10 11:44:01.2097|INFO|Microsoft.AspNetCore.Hosting.Internal.WebHost|Request starting HTTP/1.1 GET http://localhost:44349/student/list  
2021-05-10 11:44:01.2507|INFO|Microsoft.AspNetCore.Hosting.Internal.WebHost|Request finished in 6.9979ms 404 
2021-05-10 11:51:02.9819|INFO|StudentInfo.API.Program|Initializing application...
2021-05-10 11:51:08.2207|INFO|Microsoft.EntityFrameworkCore.Infrastructure|Entity Framework Core 2.1.14-servicing-32113 initialized 'StudentInfoContext' using provider 'Microsoft.EntityFrameworkCore.SqlServer' with options: None
2021-05-10 11:51:14.3401|INFO|Microsoft.EntityFrameworkCore.Database.Command|Executed DbCommand (8ms) [Parameters=[], CommandType='Text', CommandTimeout='60']
IF SERVERPROPERTY('EngineEdition') <> 5
BEGIN
    ALTER DATABASE [StudentInfoDB] SET SINGLE_USER WITH ROLLBACK IMMEDIATE;
END;
2021-05-10 11:51:14.6063|INFO|Microsoft.EntityFrameworkCore.Database.Command|Executed DbCommand (261ms) [Parameters=[], CommandType='Text', CommandTimeout='60']
DROP DATABASE [StudentInfoDB];
2021-05-10 11:51:27.2041|INFO|Microsoft.EntityFrameworkCore.Database.Command|Executed DbCommand (2,544ms) [Parameters=[], CommandType='Text', CommandTimeout='60']
CREATE DATABASE [StudentInfoDB];
2021-05-10 11:51:27.4870|INFO|Microsoft.EntityFrameworkCore.Database.Command|Executed DbCommand (275ms) [Parameters=[], CommandType='Text', CommandTimeout='60']
IF SERVERPROPERTY('EngineEdition') <> 5
BEGIN
    ALTER DATABASE [StudentInfoDB] SET READ_COMMITTED_SNAPSHOT ON;
END;
2021-05-10 11:51:27.5998|INFO|Microsoft.EntityFrameworkCore.Database.Command|Executed DbCommand (8ms) [Parameters=[], CommandType='Text', CommandTimeout='30']
CREATE TABLE [__EFMigrationsHistory] (
    [MigrationId] nvarchar(150) NOT NULL,
    [ProductVersion] nvarchar(32) NOT NULL,
    CONSTRAINT [PK___EFMigrationsHistory] PRIMARY KEY ([MigrationId])
);
2021-05-10 11:51:27.5998|INFO|Microsoft.EntityFrameworkCore.Database.Command|Executed DbCommand (3ms) [Parameters=[], CommandType='Text', CommandTimeout='30']
SELECT OBJECT_ID(N'[__EFMigrationsHistory]');
2021-05-10 11:51:27.6162|INFO|Microsoft.EntityFrameworkCore.Database.Command|Executed DbCommand (2ms) [Parameters=[], CommandType='Text', CommandTimeout='30']
SELECT [MigrationId], [ProductVersion]
FROM [__EFMigrationsHistory]
ORDER BY [MigrationId];
2021-05-10 11:51:27.6271|INFO|Microsoft.EntityFrameworkCore.Migrations|Applying migration '20210504162233_StudentInfoDBInitialMigration'.
2021-05-10 11:51:27.6543|INFO|Microsoft.EntityFrameworkCore.Database.Command|Executed DbCommand (2ms) [Parameters=[], CommandType='Text', CommandTimeout='30']
CREATE TABLE [Students] (
    [Id] int NOT NULL IDENTITY,
    [First_Name] nvarchar(50) NOT NULL,
    [Last_Name] nvarchar(50) NOT NULL,
    [City] nvarchar(20) NOT NULL,
    [Phone] bigint NOT NULL,
    CONSTRAINT [PK_Students] PRIMARY KEY ([Id])
);
2021-05-10 11:51:27.6644|INFO|Microsoft.EntityFrameworkCore.Database.Command|Executed DbCommand (3ms) [Parameters=[], CommandType='Text', CommandTimeout='30']
INSERT INTO [__EFMigrationsHistory] ([MigrationId], [ProductVersion])
VALUES (N'20210504162233_StudentInfoDBInitialMigration', N'2.1.14-servicing-32113');
2021-05-10 11:51:27.6644|INFO|Microsoft.EntityFrameworkCore.Migrations|Applying migration '20210504162904_SampleData'.
2021-05-10 11:51:27.8304|INFO|Microsoft.EntityFrameworkCore.Database.Command|Executed DbCommand (148ms) [Parameters=[], CommandType='Text', CommandTimeout='30']
IF EXISTS (SELECT * FROM [sys].[identity_columns] WHERE [name] IN (N'Id', N'City', N'First_Name', N'Last_Name', N'Phone') AND [object_id] = OBJECT_ID(N'[Students]'))
    SET IDENTITY_INSERT [Students] ON;
INSERT INTO [Students] ([Id], [City], [First_Name], [Last_Name], [Phone])
VALUES (1, N'Pune', N'Parth', N'Darekar', CAST(9876543210 AS bigint));
IF EXISTS (SELECT * FROM [sys].[identity_columns] WHERE [name] IN (N'Id', N'City', N'First_Name', N'Last_Name', N'Phone') AND [object_id] = OBJECT_ID(N'[Students]'))
    SET IDENTITY_INSERT [Students] OFF;
2021-05-10 11:51:27.8542|INFO|Microsoft.EntityFrameworkCore.Database.Command|Executed DbCommand (20ms) [Parameters=[], CommandType='Text', CommandTimeout='30']
IF EXISTS (SELECT * FROM [sys].[identity_columns] WHERE [name] IN (N'Id', N'City', N'First_Name', N'Last_Name', N'Phone') AND [object_id] = OBJECT_ID(N'[Students]'))
    SET IDENTITY_INSERT [Students] ON;
INSERT INTO [Students] ([Id], [City], [First_Name], [Last_Name], [Phone])
VALUES (2, N'Satara', N'Nupur', N'Darekar', CAST(76543234567 AS bigint));
IF EXISTS (SELECT * FROM [sys].[identity_columns] WHERE [name] IN (N'Id', N'City', N'First_Name', N'Last_Name', N'Phone') AND [object_id] = OBJECT_ID(N'[Students]'))
    SET IDENTITY_INSERT [Students] OFF;
2021-05-10 11:51:27.8739|INFO|Microsoft.EntityFrameworkCore.Database.Command|Executed DbCommand (16ms) [Parameters=[], CommandType='Text', CommandTimeout='30']
IF EXISTS (SELECT * FROM [sys].[identity_columns] WHERE [name] IN (N'Id', N'City', N'First_Name', N'Last_Name', N'Phone') AND [object_id] = OBJECT_ID(N'[Students]'))
    SET IDENTITY_INSERT [Students] ON;
INSERT INTO [Students] ([Id], [City], [First_Name], [Last_Name], [Phone])
VALUES (3, N'Kolhapur', N'Nachiket', N'Joshi', CAST(1234567890 AS bigint));
IF EXISTS (SELECT * FROM [sys].[identity_columns] WHERE [name] IN (N'Id', N'City', N'First_Name', N'Last_Name', N'Phone') AND [object_id] = OBJECT_ID(N'[Students]'))
    SET IDENTITY_INSERT [Students] OFF;
2021-05-10 11:51:27.8809|INFO|Microsoft.EntityFrameworkCore.Database.Command|Executed DbCommand (1ms) [Parameters=[], CommandType='Text', CommandTimeout='30']
INSERT INTO [__EFMigrationsHistory] ([MigrationId], [ProductVersion])
VALUES (N'20210504162904_SampleData', N'2.1.14-servicing-32113');
2021-05-10 11:51:27.9547|INFO|Microsoft.AspNetCore.DataProtection.KeyManagement.XmlKeyManager|User profile is available. Using 'C:\Users\OWNER\AppData\Local\ASP.NET\DataProtection-Keys' as key repository and Windows DPAPI to encrypt keys at rest.
2021-05-10 11:51:28.7526|INFO|Microsoft.AspNetCore.Hosting.Internal.WebHost|Request starting HTTP/1.1 DEBUG http://localhost:33402/  0
2021-05-10 11:51:28.7764|INFO|Microsoft.AspNetCore.Hosting.Internal.WebHost|Request starting HTTP/1.1 GET http://localhost:44349/  
2021-05-10 11:51:28.8027|INFO|Microsoft.AspNetCore.Hosting.Internal.WebHost|Request finished in 74.1654ms 200 
2021-05-10 11:51:29.0085|INFO|Microsoft.AspNetCore.Hosting.Internal.WebHost|Request finished in 297.9697ms 404 
2021-05-10 11:51:56.2784|INFO|Microsoft.AspNetCore.Hosting.Internal.WebHost|Request starting HTTP/1.1 GET http://localhost:44349/api/students  
2021-05-10 11:51:56.3365|INFO|Microsoft.AspNetCore.Mvc.Internal.ControllerActionInvoker|Route matched with {action = "GetStudents", controller = "Student"}. Executing controller action with signature Microsoft.AspNetCore.Mvc.IActionResult GetStudents() on controller StudentInfo.API.Controllers.StudentController (StudentInfo.API).
2021-05-10 11:51:56.3693|INFO|Microsoft.AspNetCore.Mvc.Internal.ControllerActionInvoker|Executing action method StudentInfo.API.Controllers.StudentController.GetStudents (StudentInfo.API) - Validation state: Valid
2021-05-10 11:51:56.3961|INFO|Microsoft.EntityFrameworkCore.Infrastructure|Entity Framework Core 2.1.14-servicing-32113 initialized 'StudentInfoContext' using provider 'Microsoft.EntityFrameworkCore.SqlServer' with options: None
2021-05-10 11:51:56.5613|INFO|Microsoft.EntityFrameworkCore.Database.Command|Executed DbCommand (1ms) [Parameters=[], CommandType='Text', CommandTimeout='30']
SELECT [c].[Id], [c].[City], [c].[First_Name], [c].[Last_Name], [c].[Phone]
FROM [Students] AS [c]
ORDER BY [c].[Id]
2021-05-10 11:51:56.6901|INFO|Microsoft.AspNetCore.Mvc.Internal.ControllerActionInvoker|Executed action method StudentInfo.API.Controllers.StudentController.GetStudents (StudentInfo.API), returned result Microsoft.AspNetCore.Mvc.OkObjectResult in 310.541ms.
2021-05-10 11:51:56.7162|INFO|Microsoft.AspNetCore.Mvc.Infrastructure.ObjectResultExecutor|Executing ObjectResult, writing value of type 'System.Collections.Generic.List`1[[StudentInfo.API.Models.StudentDto, StudentInfo.API, Version=1.0.0.0, Culture=neutral, PublicKeyToken=null]]'.
2021-05-10 11:51:56.8250|INFO|Microsoft.AspNetCore.Mvc.Internal.ControllerActionInvoker|Executed action StudentInfo.API.Controllers.StudentController.GetStudents (StudentInfo.API) in 473.9946ms
2021-05-10 11:51:56.8823|INFO|Microsoft.AspNetCore.Hosting.Internal.WebHost|Request finished in 565.6216ms 200 application/json; charset=utf-8
2021-05-10 11:54:22.5108|INFO|Microsoft.AspNetCore.Hosting.Internal.WebHost|Request starting HTTP/1.1 GET http://localhost:44349/api/students/1  
2021-05-10 11:54:22.6676|INFO|Microsoft.AspNetCore.Mvc.Internal.ControllerActionInvoker|Route matched with {action = "GetSingleStudent", controller = "Student"}. Executing controller action with signature Microsoft.AspNetCore.Mvc.IActionResult GetSingleStudent(Int32) on controller StudentInfo.API.Controllers.StudentController (StudentInfo.API).
2021-05-10 11:54:22.7574|INFO|Microsoft.AspNetCore.Mvc.Internal.ControllerActionInvoker|Executing action method StudentInfo.API.Controllers.StudentController.GetSingleStudent (StudentInfo.API) - Validation state: Valid
2021-05-10 11:54:22.8467|INFO|Microsoft.EntityFrameworkCore.Infrastructure|Entity Framework Core 2.1.14-servicing-32113 initialized 'StudentInfoContext' using provider 'Microsoft.EntityFrameworkCore.SqlServer' with options: None
2021-05-10 11:54:23.0814|INFO|Microsoft.EntityFrameworkCore.Database.Command|Executed DbCommand (22ms) [Parameters=[@__id_0='?' (DbType = Int32)], CommandType='Text', CommandTimeout='30']
SELECT TOP(1) [c].[Id], [c].[City], [c].[First_Name], [c].[Last_Name], [c].[Phone]
FROM [Students] AS [c]
WHERE [c].[Id] = @__id_0
2021-05-10 11:54:23.0967|INFO|Microsoft.AspNetCore.Mvc.Internal.ControllerActionInvoker|Executed action method StudentInfo.API.Controllers.StudentController.GetSingleStudent (StudentInfo.API), returned result Microsoft.AspNetCore.Mvc.OkObjectResult in 334.3886ms.
2021-05-10 11:54:23.0967|INFO|Microsoft.AspNetCore.Mvc.Infrastructure.ObjectResultExecutor|Executing ObjectResult, writing value of type 'StudentInfo.API.Models.StudentDto'.
2021-05-10 11:54:23.1116|INFO|Microsoft.AspNetCore.Mvc.Internal.ControllerActionInvoker|Executed action StudentInfo.API.Controllers.StudentController.GetSingleStudent (StudentInfo.API) in 434.1469ms
2021-05-10 11:54:23.1116|INFO|Microsoft.AspNetCore.Hosting.Internal.WebHost|Request finished in 606.3956ms 200 application/json; charset=utf-8
2021-05-10 13:21:42.0630|INFO|StudentInfo.API.Program|Initializing application...
2021-05-10 13:21:46.7600|INFO|Microsoft.EntityFrameworkCore.Infrastructure|Entity Framework Core 2.1.14-servicing-32113 initialized 'StudentInfoContext' using provider 'Microsoft.EntityFrameworkCore.SqlServer' with options: None
2021-05-10 13:21:56.0674|INFO|Microsoft.EntityFrameworkCore.Database.Command|Executed DbCommand (178ms) [Parameters=[], CommandType='Text', CommandTimeout='60']
IF SERVERPROPERTY('EngineEdition') <> 5
BEGIN
    ALTER DATABASE [StudentInfoDB] SET SINGLE_USER WITH ROLLBACK IMMEDIATE;
END;
2021-05-10 13:21:56.3544|INFO|Microsoft.EntityFrameworkCore.Database.Command|Executed DbCommand (276ms) [Parameters=[], CommandType='Text', CommandTimeout='60']
DROP DATABASE [StudentInfoDB];
2021-05-10 13:22:07.9383|INFO|Microsoft.EntityFrameworkCore.Database.Command|Executed DbCommand (1,508ms) [Parameters=[], CommandType='Text', CommandTimeout='60']
CREATE DATABASE [StudentInfoDB];
2021-05-10 13:22:08.3740|INFO|Microsoft.EntityFrameworkCore.Database.Command|Executed DbCommand (428ms) [Parameters=[], CommandType='Text', CommandTimeout='60']
IF SERVERPROPERTY('EngineEdition') <> 5
BEGIN
    ALTER DATABASE [StudentInfoDB] SET READ_COMMITTED_SNAPSHOT ON;
END;
2021-05-10 13:22:08.6203|INFO|Microsoft.EntityFrameworkCore.Database.Command|Executed DbCommand (27ms) [Parameters=[], CommandType='Text', CommandTimeout='30']
CREATE TABLE [__EFMigrationsHistory] (
    [MigrationId] nvarchar(150) NOT NULL,
    [ProductVersion] nvarchar(32) NOT NULL,
    CONSTRAINT [PK___EFMigrationsHistory] PRIMARY KEY ([MigrationId])
);
2021-05-10 13:22:08.6336|INFO|Microsoft.EntityFrameworkCore.Database.Command|Executed DbCommand (5ms) [Parameters=[], CommandType='Text', CommandTimeout='30']
SELECT OBJECT_ID(N'[__EFMigrationsHistory]');
2021-05-10 13:22:08.6443|INFO|Microsoft.EntityFrameworkCore.Database.Command|Executed DbCommand (4ms) [Parameters=[], CommandType='Text', CommandTimeout='30']
SELECT [MigrationId], [ProductVersion]
FROM [__EFMigrationsHistory]
ORDER BY [MigrationId];
2021-05-10 13:22:08.6654|INFO|Microsoft.EntityFrameworkCore.Migrations|Applying migration '20210504162233_StudentInfoDBInitialMigration'.
2021-05-10 13:22:08.7865|INFO|Microsoft.EntityFrameworkCore.Database.Command|Executed DbCommand (55ms) [Parameters=[], CommandType='Text', CommandTimeout='30']
CREATE TABLE [Students] (
    [Id] int NOT NULL IDENTITY,
    [First_Name] nvarchar(50) NOT NULL,
    [Last_Name] nvarchar(50) NOT NULL,
    [City] nvarchar(20) NOT NULL,
    [Phone] bigint NOT NULL,
    CONSTRAINT [PK_Students] PRIMARY KEY ([Id])
);
2021-05-10 13:22:08.8218|INFO|Microsoft.EntityFrameworkCore.Database.Command|Executed DbCommand (31ms) [Parameters=[], CommandType='Text', CommandTimeout='30']
INSERT INTO [__EFMigrationsHistory] ([MigrationId], [ProductVersion])
VALUES (N'20210504162233_StudentInfoDBInitialMigration', N'2.1.14-servicing-32113');
2021-05-10 13:22:08.8508|INFO|Microsoft.EntityFrameworkCore.Migrations|Applying migration '20210504162904_SampleData'.
2021-05-10 13:22:09.2294|INFO|Microsoft.EntityFrameworkCore.Database.Command|Executed DbCommand (361ms) [Parameters=[], CommandType='Text', CommandTimeout='30']
IF EXISTS (SELECT * FROM [sys].[identity_columns] WHERE [name] IN (N'Id', N'City', N'First_Name', N'Last_Name', N'Phone') AND [object_id] = OBJECT_ID(N'[Students]'))
    SET IDENTITY_INSERT [Students] ON;
INSERT INTO [Students] ([Id], [City], [First_Name], [Last_Name], [Phone])
VALUES (1, N'Pune', N'Parth', N'Darekar', CAST(9876543210 AS bigint));
IF EXISTS (SELECT * FROM [sys].[identity_columns] WHERE [name] IN (N'Id', N'City', N'First_Name', N'Last_Name', N'Phone') AND [object_id] = OBJECT_ID(N'[Students]'))
    SET IDENTITY_INSERT [Students] OFF;
2021-05-10 13:22:09.2546|INFO|Microsoft.EntityFrameworkCore.Database.Command|Executed DbCommand (21ms) [Parameters=[], CommandType='Text', CommandTimeout='30']
IF EXISTS (SELECT * FROM [sys].[identity_columns] WHERE [name] IN (N'Id', N'City', N'First_Name', N'Last_Name', N'Phone') AND [object_id] = OBJECT_ID(N'[Students]'))
    SET IDENTITY_INSERT [Students] ON;
INSERT INTO [Students] ([Id], [City], [First_Name], [Last_Name], [Phone])
VALUES (2, N'Satara', N'Nupur', N'Darekar', CAST(76543234567 AS bigint));
IF EXISTS (SELECT * FROM [sys].[identity_columns] WHERE [name] IN (N'Id', N'City', N'First_Name', N'Last_Name', N'Phone') AND [object_id] = OBJECT_ID(N'[Students]'))
    SET IDENTITY_INSERT [Students] OFF;
2021-05-10 13:22:09.2823|INFO|Microsoft.EntityFrameworkCore.Database.Command|Executed DbCommand (24ms) [Parameters=[], CommandType='Text', CommandTimeout='30']
IF EXISTS (SELECT * FROM [sys].[identity_columns] WHERE [name] IN (N'Id', N'City', N'First_Name', N'Last_Name', N'Phone') AND [object_id] = OBJECT_ID(N'[Students]'))
    SET IDENTITY_INSERT [Students] ON;
INSERT INTO [Students] ([Id], [City], [First_Name], [Last_Name], [Phone])
VALUES (3, N'Kolhapur', N'Nachiket', N'Joshi', CAST(1234567890 AS bigint));
IF EXISTS (SELECT * FROM [sys].[identity_columns] WHERE [name] IN (N'Id', N'City', N'First_Name', N'Last_Name', N'Phone') AND [object_id] = OBJECT_ID(N'[Students]'))
    SET IDENTITY_INSERT [Students] OFF;
2021-05-10 13:22:09.2895|INFO|Microsoft.EntityFrameworkCore.Database.Command|Executed DbCommand (1ms) [Parameters=[], CommandType='Text', CommandTimeout='30']
INSERT INTO [__EFMigrationsHistory] ([MigrationId], [ProductVersion])
VALUES (N'20210504162904_SampleData', N'2.1.14-servicing-32113');
2021-05-10 13:22:09.3881|INFO|Microsoft.AspNetCore.DataProtection.KeyManagement.XmlKeyManager|User profile is available. Using 'C:\Users\OWNER\AppData\Local\ASP.NET\DataProtection-Keys' as key repository and Windows DPAPI to encrypt keys at rest.
2021-05-10 13:22:10.2214|INFO|Microsoft.AspNetCore.Hosting.Internal.WebHost|Request starting HTTP/1.1 GET http://localhost:44349/  
2021-05-10 13:22:10.2214|INFO|Microsoft.AspNetCore.Hosting.Internal.WebHost|Request starting HTTP/1.1 DEBUG http://localhost:33402/  0
2021-05-10 13:22:10.2616|INFO|Microsoft.AspNetCore.Hosting.Internal.WebHost|Request finished in 35.8346ms 200 
2021-05-10 13:22:10.4765|INFO|Microsoft.AspNetCore.Hosting.Internal.WebHost|Request finished in 253.9417ms 404 text/plain
2021-05-10 13:22:17.3186|INFO|Microsoft.AspNetCore.Hosting.Internal.WebHost|Request starting HTTP/1.1 GET http://localhost:33402/api/students  
2021-05-10 13:22:17.4079|ERROR|Microsoft.AspNetCore.Mvc.Internal.ActionSelector|Request matched multiple actions resulting in ambiguity. Matching actions: StudentInfo.API.Controllers.StudentController.GetStudents (StudentInfo.API)
StudentInfo.API.Controllers.StudentMVCController.GetStudents (StudentInfo.API)
2021-05-10 13:22:18.1981|ERROR|Microsoft.AspNetCore.Diagnostics.DeveloperExceptionPageMiddleware|An unhandled exception has occurred while executing the request.
2021-05-10 13:22:18.4044|INFO|Microsoft.AspNetCore.Hosting.Internal.WebHost|Request finished in 1160.8102ms 500 text/html; charset=utf-8
2021-05-10 13:23:17.0540|INFO|StudentInfo.API.Program|Initializing application...
2021-05-10 13:23:21.9383|INFO|Microsoft.EntityFrameworkCore.Infrastructure|Entity Framework Core 2.1.14-servicing-32113 initialized 'StudentInfoContext' using provider 'Microsoft.EntityFrameworkCore.SqlServer' with options: None
2021-05-10 13:23:28.9935|INFO|Microsoft.EntityFrameworkCore.Database.Command|Executed DbCommand (6ms) [Parameters=[], CommandType='Text', CommandTimeout='60']
IF SERVERPROPERTY('EngineEdition') <> 5
BEGIN
    ALTER DATABASE [StudentInfoDB] SET SINGLE_USER WITH ROLLBACK IMMEDIATE;
END;
2021-05-10 13:23:29.2429|INFO|Microsoft.EntityFrameworkCore.Database.Command|Executed DbCommand (242ms) [Parameters=[], CommandType='Text', CommandTimeout='60']
DROP DATABASE [StudentInfoDB];
2021-05-10 13:23:40.7612|INFO|Microsoft.EntityFrameworkCore.Database.Command|Executed DbCommand (1,473ms) [Parameters=[], CommandType='Text', CommandTimeout='60']
CREATE DATABASE [StudentInfoDB];
2021-05-10 13:23:41.1777|INFO|Microsoft.EntityFrameworkCore.Database.Command|Executed DbCommand (406ms) [Parameters=[], CommandType='Text', CommandTimeout='60']
IF SERVERPROPERTY('EngineEdition') <> 5
BEGIN
    ALTER DATABASE [StudentInfoDB] SET READ_COMMITTED_SNAPSHOT ON;
END;
2021-05-10 13:23:41.3087|INFO|Microsoft.EntityFrameworkCore.Database.Command|Executed DbCommand (15ms) [Parameters=[], CommandType='Text', CommandTimeout='30']
CREATE TABLE [__EFMigrationsHistory] (
    [MigrationId] nvarchar(150) NOT NULL,
    [ProductVersion] nvarchar(32) NOT NULL,
    CONSTRAINT [PK___EFMigrationsHistory] PRIMARY KEY ([MigrationId])
);
2021-05-10 13:23:41.3197|INFO|Microsoft.EntityFrameworkCore.Database.Command|Executed DbCommand (6ms) [Parameters=[], CommandType='Text', CommandTimeout='30']
SELECT OBJECT_ID(N'[__EFMigrationsHistory]');
2021-05-10 13:23:41.3197|INFO|Microsoft.EntityFrameworkCore.Database.Command|Executed DbCommand (2ms) [Parameters=[], CommandType='Text', CommandTimeout='30']
SELECT [MigrationId], [ProductVersion]
FROM [__EFMigrationsHistory]
ORDER BY [MigrationId];
2021-05-10 13:23:41.3546|INFO|Microsoft.EntityFrameworkCore.Migrations|Applying migration '20210504162233_StudentInfoDBInitialMigration'.
2021-05-10 13:23:41.4083|INFO|Microsoft.EntityFrameworkCore.Database.Command|Executed DbCommand (5ms) [Parameters=[], CommandType='Text', CommandTimeout='30']
CREATE TABLE [Students] (
    [Id] int NOT NULL IDENTITY,
    [First_Name] nvarchar(50) NOT NULL,
    [Last_Name] nvarchar(50) NOT NULL,
    [City] nvarchar(20) NOT NULL,
    [Phone] bigint NOT NULL,
    CONSTRAINT [PK_Students] PRIMARY KEY ([Id])
);
2021-05-10 13:23:41.4083|INFO|Microsoft.EntityFrameworkCore.Database.Command|Executed DbCommand (4ms) [Parameters=[], CommandType='Text', CommandTimeout='30']
INSERT INTO [__EFMigrationsHistory] ([MigrationId], [ProductVersion])
VALUES (N'20210504162233_StudentInfoDBInitialMigration', N'2.1.14-servicing-32113');
2021-05-10 13:23:41.4253|INFO|Microsoft.EntityFrameworkCore.Migrations|Applying migration '20210504162904_SampleData'.
2021-05-10 13:23:41.7603|INFO|Microsoft.EntityFrameworkCore.Database.Command|Executed DbCommand (309ms) [Parameters=[], CommandType='Text', CommandTimeout='30']
IF EXISTS (SELECT * FROM [sys].[identity_columns] WHERE [name] IN (N'Id', N'City', N'First_Name', N'Last_Name', N'Phone') AND [object_id] = OBJECT_ID(N'[Students]'))
    SET IDENTITY_INSERT [Students] ON;
INSERT INTO [Students] ([Id], [City], [First_Name], [Last_Name], [Phone])
VALUES (1, N'Pune', N'Parth', N'Darekar', CAST(9876543210 AS bigint));
IF EXISTS (SELECT * FROM [sys].[identity_columns] WHERE [name] IN (N'Id', N'City', N'First_Name', N'Last_Name', N'Phone') AND [object_id] = OBJECT_ID(N'[Students]'))
    SET IDENTITY_INSERT [Students] OFF;
2021-05-10 13:23:41.7928|INFO|Microsoft.EntityFrameworkCore.Database.Command|Executed DbCommand (27ms) [Parameters=[], CommandType='Text', CommandTimeout='30']
IF EXISTS (SELECT * FROM [sys].[identity_columns] WHERE [name] IN (N'Id', N'City', N'First_Name', N'Last_Name', N'Phone') AND [object_id] = OBJECT_ID(N'[Students]'))
    SET IDENTITY_INSERT [Students] ON;
INSERT INTO [Students] ([Id], [City], [First_Name], [Last_Name], [Phone])
VALUES (2, N'Satara', N'Nupur', N'Darekar', CAST(76543234567 AS bigint));
IF EXISTS (SELECT * FROM [sys].[identity_columns] WHERE [name] IN (N'Id', N'City', N'First_Name', N'Last_Name', N'Phone') AND [object_id] = OBJECT_ID(N'[Students]'))
    SET IDENTITY_INSERT [Students] OFF;
2021-05-10 13:23:41.8388|INFO|Microsoft.EntityFrameworkCore.Database.Command|Executed DbCommand (41ms) [Parameters=[], CommandType='Text', CommandTimeout='30']
IF EXISTS (SELECT * FROM [sys].[identity_columns] WHERE [name] IN (N'Id', N'City', N'First_Name', N'Last_Name', N'Phone') AND [object_id] = OBJECT_ID(N'[Students]'))
    SET IDENTITY_INSERT [Students] ON;
INSERT INTO [Students] ([Id], [City], [First_Name], [Last_Name], [Phone])
VALUES (3, N'Kolhapur', N'Nachiket', N'Joshi', CAST(1234567890 AS bigint));
IF EXISTS (SELECT * FROM [sys].[identity_columns] WHERE [name] IN (N'Id', N'City', N'First_Name', N'Last_Name', N'Phone') AND [object_id] = OBJECT_ID(N'[Students]'))
    SET IDENTITY_INSERT [Students] OFF;
2021-05-10 13:23:41.8388|INFO|Microsoft.EntityFrameworkCore.Database.Command|Executed DbCommand (1ms) [Parameters=[], CommandType='Text', CommandTimeout='30']
INSERT INTO [__EFMigrationsHistory] ([MigrationId], [ProductVersion])
VALUES (N'20210504162904_SampleData', N'2.1.14-servicing-32113');
2021-05-10 13:23:41.9540|INFO|Microsoft.AspNetCore.DataProtection.KeyManagement.XmlKeyManager|User profile is available. Using 'C:\Users\OWNER\AppData\Local\ASP.NET\DataProtection-Keys' as key repository and Windows DPAPI to encrypt keys at rest.
2021-05-10 13:23:42.8911|INFO|Microsoft.AspNetCore.Hosting.Internal.WebHost|Request starting HTTP/1.1 DEBUG http://localhost:33402/  0
2021-05-10 13:23:42.8928|INFO|Microsoft.AspNetCore.Hosting.Internal.WebHost|Request starting HTTP/1.1 GET http://localhost:44349/  
2021-05-10 13:23:42.9676|INFO|Microsoft.AspNetCore.Hosting.Internal.WebHost|Request finished in 54.9782ms 200 
2021-05-10 13:23:43.1509|INFO|Microsoft.AspNetCore.Hosting.Internal.WebHost|Request finished in 257.1895ms 404 text/plain
2021-05-10 13:23:48.5619|INFO|Microsoft.AspNetCore.Hosting.Internal.WebHost|Request starting HTTP/1.1 GET http://localhost:33402/api/students  
2021-05-10 13:23:48.6412|INFO|Microsoft.AspNetCore.Mvc.Internal.ControllerActionInvoker|Route matched with {action = "GetStudents", controller = "Student"}. Executing controller action with signature Microsoft.AspNetCore.Mvc.IActionResult GetStudents() on controller StudentInfo.API.Controllers.StudentController (StudentInfo.API).
2021-05-10 13:23:48.6796|INFO|Microsoft.AspNetCore.Mvc.Internal.ControllerActionInvoker|Executing action method StudentInfo.API.Controllers.StudentController.GetStudents (StudentInfo.API) - Validation state: Valid
2021-05-10 13:23:48.6920|INFO|Microsoft.EntityFrameworkCore.Infrastructure|Entity Framework Core 2.1.14-servicing-32113 initialized 'StudentInfoContext' using provider 'Microsoft.EntityFrameworkCore.SqlServer' with options: None
2021-05-10 13:23:48.8939|INFO|Microsoft.EntityFrameworkCore.Database.Command|Executed DbCommand (1ms) [Parameters=[], CommandType='Text', CommandTimeout='30']
SELECT [c].[Id], [c].[City], [c].[First_Name], [c].[Last_Name], [c].[Phone]
FROM [Students] AS [c]
ORDER BY [c].[Id]
2021-05-10 13:23:49.0366|INFO|Microsoft.AspNetCore.Mvc.Internal.ControllerActionInvoker|Executed action method StudentInfo.API.Controllers.StudentController.GetStudents (StudentInfo.API), returned result Microsoft.AspNetCore.Mvc.OkObjectResult in 344.5993ms.
2021-05-10 13:23:49.0544|INFO|Microsoft.AspNetCore.Mvc.Infrastructure.ObjectResultExecutor|Executing ObjectResult, writing value of type 'System.Collections.Generic.List`1[[StudentInfo.API.Models.StudentDto, StudentInfo.API, Version=1.0.0.0, Culture=neutral, PublicKeyToken=null]]'.
2021-05-10 13:23:49.1986|INFO|Microsoft.AspNetCore.Mvc.Internal.ControllerActionInvoker|Executed action StudentInfo.API.Controllers.StudentController.GetStudents (StudentInfo.API) in 539.1877ms
2021-05-10 13:23:49.2150|INFO|Microsoft.AspNetCore.Hosting.Internal.WebHost|Request finished in 649.4426ms 200 application/json; charset=utf-8
2021-05-10 13:23:55.7324|INFO|Microsoft.AspNetCore.Hosting.Internal.WebHost|Request starting HTTP/1.1 GET http://localhost:33402/api/students/3  
2021-05-10 13:23:55.7741|INFO|Microsoft.AspNetCore.Mvc.Internal.ControllerActionInvoker|Route matched with {action = "GetSingleStudent", controller = "Student"}. Executing controller action with signature Microsoft.AspNetCore.Mvc.IActionResult GetSingleStudent(Int32) on controller StudentInfo.API.Controllers.StudentController (StudentInfo.API).
2021-05-10 13:23:55.8435|INFO|Microsoft.AspNetCore.Mvc.Internal.ControllerActionInvoker|Executing action method StudentInfo.API.Controllers.StudentController.GetSingleStudent (StudentInfo.API) - Validation state: Valid
2021-05-10 13:23:55.8534|INFO|Microsoft.EntityFrameworkCore.Infrastructure|Entity Framework Core 2.1.14-servicing-32113 initialized 'StudentInfoContext' using provider 'Microsoft.EntityFrameworkCore.SqlServer' with options: None
2021-05-10 13:23:56.0366|INFO|Microsoft.EntityFrameworkCore.Database.Command|Executed DbCommand (25ms) [Parameters=[@__id_0='?' (DbType = Int32)], CommandType='Text', CommandTimeout='30']
SELECT TOP(1) [c].[Id], [c].[City], [c].[First_Name], [c].[Last_Name], [c].[Phone]
FROM [Students] AS [c]
WHERE [c].[Id] = @__id_0
2021-05-10 13:23:56.1871|INFO|Microsoft.AspNetCore.Mvc.Internal.ControllerActionInvoker|Executed action method StudentInfo.API.Controllers.StudentController.GetSingleStudent (StudentInfo.API), returned result Microsoft.AspNetCore.Mvc.OkObjectResult in 203.6862ms.
2021-05-10 13:23:56.2841|INFO|Microsoft.AspNetCore.Mvc.Infrastructure.ObjectResultExecutor|Executing ObjectResult, writing value of type 'StudentInfo.API.Models.StudentDto'.
2021-05-10 13:23:56.4010|INFO|Microsoft.AspNetCore.Mvc.Internal.ControllerActionInvoker|Executed action StudentInfo.API.Controllers.StudentController.GetSingleStudent (StudentInfo.API) in 510.2916ms
2021-05-10 13:23:56.4284|INFO|Microsoft.AspNetCore.Hosting.Internal.WebHost|Request finished in 677.7438ms 200 application/json; charset=utf-8
2021-05-10 13:24:00.9376|INFO|Microsoft.AspNetCore.Hosting.Internal.WebHost|Request starting HTTP/1.1 POST http://localhost:33402/api/students/create application/json 114
2021-05-10 13:24:00.9573|INFO|Microsoft.AspNetCore.Mvc.Internal.ControllerActionInvoker|Route matched with {action = "CreatStudents", controller = "Student"}. Executing controller action with signature Microsoft.AspNetCore.Mvc.IActionResult CreatStudents(StudentInfo.API.Models.StudentCreationDto) on controller StudentInfo.API.Controllers.StudentController (StudentInfo.API).
2021-05-10 13:24:01.3124|INFO|Microsoft.AspNetCore.Mvc.Internal.ControllerActionInvoker|Executing action method StudentInfo.API.Controllers.StudentController.CreatStudents (StudentInfo.API) - Validation state: Valid
2021-05-10 13:24:01.3291|INFO|Microsoft.EntityFrameworkCore.Infrastructure|Entity Framework Core 2.1.14-servicing-32113 initialized 'StudentInfoContext' using provider 'Microsoft.EntityFrameworkCore.SqlServer' with options: None
2021-05-10 13:24:01.6837|INFO|Microsoft.EntityFrameworkCore.Database.Command|Executed DbCommand (195ms) [Parameters=[@p0='?' (Size = 20), @p1='?' (Size = 50), @p2='?' (Size = 50), @p3='?' (DbType = Int64)], CommandType='Text', CommandTimeout='30']
SET NOCOUNT ON;
INSERT INTO [Students] ([City], [First_Name], [Last_Name], [Phone])
VALUES (@p0, @p1, @p2, @p3);
SELECT [Id]
FROM [Students]
WHERE @@ROWCOUNT = 1 AND [Id] = scope_identity();
2021-05-10 13:24:01.7560|INFO|Microsoft.AspNetCore.Mvc.Internal.ControllerActionInvoker|Executed action method StudentInfo.API.Controllers.StudentController.CreatStudents (StudentInfo.API), returned result Microsoft.AspNetCore.Mvc.CreatedAtRouteResult in 437.3681ms.
2021-05-10 13:24:01.7560|INFO|Microsoft.AspNetCore.Mvc.Infrastructure.ObjectResultExecutor|Executing ObjectResult, writing value of type 'StudentInfo.API.Models.StudentDto'.
2021-05-10 13:24:01.7928|INFO|Microsoft.AspNetCore.Mvc.Internal.ControllerActionInvoker|Executed action StudentInfo.API.Controllers.StudentController.CreatStudents (StudentInfo.API) in 828.2443ms
2021-05-10 13:24:01.8038|INFO|Microsoft.AspNetCore.Hosting.Internal.WebHost|Request finished in 862.2083ms 201 application/json; charset=utf-8
2021-05-10 13:24:32.5400|INFO|Microsoft.AspNetCore.Hosting.Internal.WebHost|Request starting HTTP/1.1 DELETE http://localhost:33402/api/students/4  
2021-05-10 13:24:32.6797|INFO|Microsoft.AspNetCore.Mvc.Internal.ControllerActionInvoker|Route matched with {action = "DeleteStudent", controller = "Student"}. Executing controller action with signature Microsoft.AspNetCore.Mvc.IActionResult DeleteStudent(Int32) on controller StudentInfo.API.Controllers.StudentController (StudentInfo.API).
2021-05-10 13:24:32.6901|INFO|Microsoft.AspNetCore.Mvc.Internal.ControllerActionInvoker|Executing action method StudentInfo.API.Controllers.StudentController.DeleteStudent (StudentInfo.API) - Validation state: Valid
2021-05-10 13:24:32.7510|INFO|Microsoft.EntityFrameworkCore.Infrastructure|Entity Framework Core 2.1.14-servicing-32113 initialized 'StudentInfoContext' using provider 'Microsoft.EntityFrameworkCore.SqlServer' with options: None
2021-05-10 13:24:33.1240|INFO|Microsoft.EntityFrameworkCore.Database.Command|Executed DbCommand (2ms) [Parameters=[@__id_0='?' (DbType = Int32)], CommandType='Text', CommandTimeout='30']
SELECT CASE
    WHEN EXISTS (
        SELECT 1
        FROM [Students] AS [c]
        WHERE [c].[Id] = @__id_0)
    THEN CAST(1 AS BIT) ELSE CAST(0 AS BIT)
END
2021-05-10 13:24:33.1427|INFO|Microsoft.EntityFrameworkCore.Database.Command|Executed DbCommand (0ms) [Parameters=[@__id_0='?' (DbType = Int32)], CommandType='Text', CommandTimeout='30']
SELECT TOP(1) [c].[Id], [c].[City], [c].[First_Name], [c].[Last_Name], [c].[Phone]
FROM [Students] AS [c]
WHERE [c].[Id] = @__id_0
2021-05-10 13:24:33.1636|INFO|Microsoft.EntityFrameworkCore.Database.Command|Executed DbCommand (1ms) [Parameters=[@p0='?' (DbType = Int32)], CommandType='Text', CommandTimeout='30']
SET NOCOUNT ON;
DELETE FROM [Students]
WHERE [Id] = @p0;
SELECT @@ROWCOUNT;
2021-05-10 13:24:33.1775|INFO|Microsoft.AspNetCore.Mvc.Internal.ControllerActionInvoker|Executed action method StudentInfo.API.Controllers.StudentController.DeleteStudent (StudentInfo.API), returned result Microsoft.AspNetCore.Mvc.NoContentResult in 482.3155ms.
2021-05-10 13:24:33.1905|INFO|Microsoft.AspNetCore.Mvc.StatusCodeResult|Executing HttpStatusCodeResult, setting HTTP status code 204
2021-05-10 13:24:33.1905|INFO|Microsoft.AspNetCore.Mvc.Internal.ControllerActionInvoker|Executed action StudentInfo.API.Controllers.StudentController.DeleteStudent (StudentInfo.API) in 508.0851ms
2021-05-10 13:24:33.2518|INFO|Microsoft.AspNetCore.Hosting.Internal.WebHost|Request finished in 671.1737ms 204 
