2021-05-04 20:18:03.3401|INFO|StudentInfo.API.Program|Initializing application...
2021-05-04 20:18:05.9814|INFO|Microsoft.AspNetCore.DataProtection.KeyManagement.XmlKeyManager|User profile is available. Using 'C:\Users\OWNER\AppData\Local\ASP.NET\DataProtection-Keys' as key repository and Windows DPAPI to encrypt keys at rest.
2021-05-04 20:18:07.0504|INFO|Microsoft.AspNetCore.Hosting.Internal.WebHost|Request starting HTTP/1.1 GET http://localhost:44349/  
2021-05-04 20:18:07.0504|INFO|Microsoft.AspNetCore.Hosting.Internal.WebHost|Request starting HTTP/1.1 DEBUG http://localhost:33402/  0
2021-05-04 20:18:07.2085|INFO|Microsoft.AspNetCore.Hosting.Internal.WebHost|Request finished in 162.9898ms 200 
2021-05-04 20:18:07.5034|INFO|Microsoft.AspNetCore.Hosting.Internal.WebHost|Request finished in 470.3297ms 404 text/plain
2021-05-04 20:20:21.3836|INFO|Microsoft.AspNetCore.Hosting.Internal.WebHost|Request starting HTTP/1.1 GET http://localhost:33402/api/testdatabase  
2021-05-04 20:20:21.4785|INFO|Microsoft.AspNetCore.Mvc.Internal.ControllerActionInvoker|Route matched with {action = "TestDatabase", controller = "Dummy"}. Executing controller action with signature Microsoft.AspNetCore.Mvc.IActionResult TestDatabase() on controller StudentInfo.API.Controllers.DummyController (StudentInfo.API).
2021-05-04 20:20:22.2206|INFO|Microsoft.EntityFrameworkCore.Infrastructure|Entity Framework Core 2.1.14-servicing-32113 initialized 'StudentInfoContext' using provider 'Microsoft.EntityFrameworkCore.SqlServer' with options: None
2021-05-04 20:20:30.5309|INFO|Microsoft.EntityFrameworkCore.Database.Command|Executed DbCommand (1,699ms) [Parameters=[], CommandType='Text', CommandTimeout='60']
CREATE DATABASE [StudentInfoDB];
2021-05-04 20:20:30.8245|INFO|Microsoft.EntityFrameworkCore.Database.Command|Executed DbCommand (287ms) [Parameters=[], CommandType='Text', CommandTimeout='60']
IF SERVERPROPERTY('EngineEdition') <> 5
BEGIN
    ALTER DATABASE [StudentInfoDB] SET READ_COMMITTED_SNAPSHOT ON;
END;
2021-05-04 20:20:31.1052|INFO|Microsoft.EntityFrameworkCore.Database.Command|Executed DbCommand (7ms) [Parameters=[], CommandType='Text', CommandTimeout='30']
CREATE TABLE [Cities] (
    [Id] int NOT NULL IDENTITY,
    [First_Name] nvarchar(50) NOT NULL,
    [Last_Name] nvarchar(50) NOT NULL,
    [City] nvarchar(20) NOT NULL,
    [Phone] bigint NOT NULL,
    CONSTRAINT [PK_Cities] PRIMARY KEY ([Id])
);
2021-05-04 20:20:31.4455|INFO|Microsoft.EntityFrameworkCore.Database.Command|Executed DbCommand (337ms) [Parameters=[], CommandType='Text', CommandTimeout='30']
IF EXISTS (SELECT * FROM [sys].[identity_columns] WHERE [name] IN (N'Id', N'City', N'First_Name', N'Last_Name', N'Phone') AND [object_id] = OBJECT_ID(N'[Cities]'))
    SET IDENTITY_INSERT [Cities] ON;
INSERT INTO [Cities] ([Id], [City], [First_Name], [Last_Name], [Phone])
VALUES (1, N'Pune', N'Parth', N'Darekar', CAST(9876543210 AS bigint));
IF EXISTS (SELECT * FROM [sys].[identity_columns] WHERE [name] IN (N'Id', N'City', N'First_Name', N'Last_Name', N'Phone') AND [object_id] = OBJECT_ID(N'[Cities]'))
    SET IDENTITY_INSERT [Cities] OFF;
2021-05-04 20:20:31.4626|INFO|Microsoft.EntityFrameworkCore.Database.Command|Executed DbCommand (14ms) [Parameters=[], CommandType='Text', CommandTimeout='30']
IF EXISTS (SELECT * FROM [sys].[identity_columns] WHERE [name] IN (N'Id', N'City', N'First_Name', N'Last_Name', N'Phone') AND [object_id] = OBJECT_ID(N'[Cities]'))
    SET IDENTITY_INSERT [Cities] ON;
INSERT INTO [Cities] ([Id], [City], [First_Name], [Last_Name], [Phone])
VALUES (2, N'Satara', N'Nupur', N'Darekar', CAST(76543234567 AS bigint));
IF EXISTS (SELECT * FROM [sys].[identity_columns] WHERE [name] IN (N'Id', N'City', N'First_Name', N'Last_Name', N'Phone') AND [object_id] = OBJECT_ID(N'[Cities]'))
    SET IDENTITY_INSERT [Cities] OFF;
2021-05-04 20:20:31.4807|INFO|Microsoft.EntityFrameworkCore.Database.Command|Executed DbCommand (14ms) [Parameters=[], CommandType='Text', CommandTimeout='30']
IF EXISTS (SELECT * FROM [sys].[identity_columns] WHERE [name] IN (N'Id', N'City', N'First_Name', N'Last_Name', N'Phone') AND [object_id] = OBJECT_ID(N'[Cities]'))
    SET IDENTITY_INSERT [Cities] ON;
INSERT INTO [Cities] ([Id], [City], [First_Name], [Last_Name], [Phone])
VALUES (3, N'Kolhapur', N'Nachiket', N'Joshi', CAST(1234567890 AS bigint));
IF EXISTS (SELECT * FROM [sys].[identity_columns] WHERE [name] IN (N'Id', N'City', N'First_Name', N'Last_Name', N'Phone') AND [object_id] = OBJECT_ID(N'[Cities]'))
    SET IDENTITY_INSERT [Cities] OFF;
2021-05-04 20:20:31.4960|INFO|Microsoft.AspNetCore.Mvc.Internal.ControllerActionInvoker|Executing action method StudentInfo.API.Controllers.DummyController.TestDatabase (StudentInfo.API) - Validation state: Valid
2021-05-04 20:20:31.5052|INFO|Microsoft.AspNetCore.Mvc.Internal.ControllerActionInvoker|Executed action method StudentInfo.API.Controllers.DummyController.TestDatabase (StudentInfo.API), returned result Microsoft.AspNetCore.Mvc.OkResult in 0.5234ms.
2021-05-04 20:20:31.5213|INFO|Microsoft.AspNetCore.Mvc.StatusCodeResult|Executing HttpStatusCodeResult, setting HTTP status code 200
2021-05-04 20:20:31.5213|INFO|Microsoft.AspNetCore.Mvc.Internal.ControllerActionInvoker|Executed action StudentInfo.API.Controllers.DummyController.TestDatabase (StudentInfo.API) in 10044.839ms
2021-05-04 20:20:31.5428|INFO|Microsoft.AspNetCore.Hosting.Internal.WebHost|Request finished in 10163.6427ms 200 
2021-05-04 20:49:49.1906|INFO|Microsoft.EntityFrameworkCore.Infrastructure|Entity Framework Core 2.1.14-servicing-32113 initialized 'StudentInfoContext' using provider 'Microsoft.EntityFrameworkCore.SqlServer' with options: None
2021-05-04 20:50:01.0067|INFO|Microsoft.EntityFrameworkCore.Database.Command|Executed DbCommand (1,503ms) [Parameters=[], CommandType='Text', CommandTimeout='60']
CREATE DATABASE [StudentInfoDB];
2021-05-04 20:50:01.2691|INFO|Microsoft.EntityFrameworkCore.Database.Command|Executed DbCommand (251ms) [Parameters=[], CommandType='Text', CommandTimeout='60']
IF SERVERPROPERTY('EngineEdition') <> 5
BEGIN
    ALTER DATABASE [StudentInfoDB] SET READ_COMMITTED_SNAPSHOT ON;
END;
2021-05-04 20:50:01.4113|INFO|Microsoft.EntityFrameworkCore.Database.Command|Executed DbCommand (8ms) [Parameters=[], CommandType='Text', CommandTimeout='30']
CREATE TABLE [Cities] (
    [Id] int NOT NULL IDENTITY,
    [First_Name] nvarchar(50) NOT NULL,
    [Last_Name] nvarchar(50) NOT NULL,
    [City] nvarchar(20) NOT NULL,
    [Phone] bigint NOT NULL,
    CONSTRAINT [PK_Cities] PRIMARY KEY ([Id])
);
2021-05-04 20:50:01.4725|INFO|Microsoft.EntityFrameworkCore.Database.Command|Executed DbCommand (60ms) [Parameters=[], CommandType='Text', CommandTimeout='30']
IF EXISTS (SELECT * FROM [sys].[identity_columns] WHERE [name] IN (N'Id', N'City', N'First_Name', N'Last_Name', N'Phone') AND [object_id] = OBJECT_ID(N'[Cities]'))
    SET IDENTITY_INSERT [Cities] ON;
INSERT INTO [Cities] ([Id], [City], [First_Name], [Last_Name], [Phone])
VALUES (1, N'Pune', N'Parth', N'Darekar', CAST(9876543210 AS bigint));
IF EXISTS (SELECT * FROM [sys].[identity_columns] WHERE [name] IN (N'Id', N'City', N'First_Name', N'Last_Name', N'Phone') AND [object_id] = OBJECT_ID(N'[Cities]'))
    SET IDENTITY_INSERT [Cities] OFF;
2021-05-04 20:50:01.4896|INFO|Microsoft.EntityFrameworkCore.Database.Command|Executed DbCommand (16ms) [Parameters=[], CommandType='Text', CommandTimeout='30']
IF EXISTS (SELECT * FROM [sys].[identity_columns] WHERE [name] IN (N'Id', N'City', N'First_Name', N'Last_Name', N'Phone') AND [object_id] = OBJECT_ID(N'[Cities]'))
    SET IDENTITY_INSERT [Cities] ON;
INSERT INTO [Cities] ([Id], [City], [First_Name], [Last_Name], [Phone])
VALUES (2, N'Satara', N'Nupur', N'Darekar', CAST(76543234567 AS bigint));
IF EXISTS (SELECT * FROM [sys].[identity_columns] WHERE [name] IN (N'Id', N'City', N'First_Name', N'Last_Name', N'Phone') AND [object_id] = OBJECT_ID(N'[Cities]'))
    SET IDENTITY_INSERT [Cities] OFF;
2021-05-04 20:50:01.5069|INFO|Microsoft.EntityFrameworkCore.Database.Command|Executed DbCommand (16ms) [Parameters=[], CommandType='Text', CommandTimeout='30']
IF EXISTS (SELECT * FROM [sys].[identity_columns] WHERE [name] IN (N'Id', N'City', N'First_Name', N'Last_Name', N'Phone') AND [object_id] = OBJECT_ID(N'[Cities]'))
    SET IDENTITY_INSERT [Cities] ON;
INSERT INTO [Cities] ([Id], [City], [First_Name], [Last_Name], [Phone])
VALUES (3, N'Kolhapur', N'Nachiket', N'Joshi', CAST(1234567890 AS bigint));
IF EXISTS (SELECT * FROM [sys].[identity_columns] WHERE [name] IN (N'Id', N'City', N'First_Name', N'Last_Name', N'Phone') AND [object_id] = OBJECT_ID(N'[Cities]'))
    SET IDENTITY_INSERT [Cities] OFF;
2021-05-04 20:52:50.3834|INFO|Microsoft.EntityFrameworkCore.Infrastructure|Entity Framework Core 2.1.14-servicing-32113 initialized 'StudentInfoContext' using provider 'Microsoft.EntityFrameworkCore.SqlServer' with options: None
2021-05-04 20:52:50.8578|INFO|Microsoft.EntityFrameworkCore.Database.Command|Executed DbCommand (5ms) [Parameters=[], CommandType='Text', CommandTimeout='30']
SELECT OBJECT_ID(N'[__EFMigrationsHistory]');
2021-05-04 20:52:51.4486|INFO|Microsoft.EntityFrameworkCore.Database.Command|Executed DbCommand (503ms) [Parameters=[], CommandType='Text', CommandTimeout='30']
CREATE TABLE [__EFMigrationsHistory] (
    [MigrationId] nvarchar(150) NOT NULL,
    [ProductVersion] nvarchar(32) NOT NULL,
    CONSTRAINT [PK___EFMigrationsHistory] PRIMARY KEY ([MigrationId])
);
2021-05-04 20:52:51.4486|INFO|Microsoft.EntityFrameworkCore.Database.Command|Executed DbCommand (1ms) [Parameters=[], CommandType='Text', CommandTimeout='30']
SELECT OBJECT_ID(N'[__EFMigrationsHistory]');
2021-05-04 20:52:51.4486|INFO|Microsoft.EntityFrameworkCore.Database.Command|Executed DbCommand (1ms) [Parameters=[], CommandType='Text', CommandTimeout='30']
SELECT [MigrationId], [ProductVersion]
FROM [__EFMigrationsHistory]
ORDER BY [MigrationId];
2021-05-04 20:52:51.4641|INFO|Microsoft.EntityFrameworkCore.Migrations|Applying migration '20210504152001_StudentInfoDBInitalMigratio'.
2021-05-04 20:52:51.9272|ERROR|Microsoft.EntityFrameworkCore.Database.Command|Failed executing DbCommand (83ms) [Parameters=[], CommandType='Text', CommandTimeout='30']
CREATE TABLE [Cities] (
    [Id] int NOT NULL IDENTITY,
    [First_Name] nvarchar(50) NOT NULL,
    [Last_Name] nvarchar(50) NOT NULL,
    [City] nvarchar(20) NOT NULL,
    [Phone] bigint NOT NULL,
    CONSTRAINT [PK_Cities] PRIMARY KEY ([Id])
);
2021-05-04 20:59:40.0930|INFO|StudentInfo.API.Program|Initializing application...
2021-05-04 20:59:43.1073|INFO|Microsoft.EntityFrameworkCore.Infrastructure|Entity Framework Core 2.1.14-servicing-32113 initialized 'StudentInfoContext' using provider 'Microsoft.EntityFrameworkCore.SqlServer' with options: None
2021-05-04 20:59:50.2376|INFO|Microsoft.EntityFrameworkCore.Database.Command|Executed DbCommand (1,070ms) [Parameters=[], CommandType='Text', CommandTimeout='60']
CREATE DATABASE [StudentInfoDB];
2021-05-04 20:59:50.6347|INFO|Microsoft.EntityFrameworkCore.Database.Command|Executed DbCommand (373ms) [Parameters=[], CommandType='Text', CommandTimeout='60']
IF SERVERPROPERTY('EngineEdition') <> 5
BEGIN
    ALTER DATABASE [StudentInfoDB] SET READ_COMMITTED_SNAPSHOT ON;
END;
2021-05-04 20:59:50.7759|INFO|Microsoft.EntityFrameworkCore.Database.Command|Executed DbCommand (7ms) [Parameters=[], CommandType='Text', CommandTimeout='30']
CREATE TABLE [__EFMigrationsHistory] (
    [MigrationId] nvarchar(150) NOT NULL,
    [ProductVersion] nvarchar(32) NOT NULL,
    CONSTRAINT [PK___EFMigrationsHistory] PRIMARY KEY ([MigrationId])
);
2021-05-04 20:59:50.7895|INFO|Microsoft.EntityFrameworkCore.Database.Command|Executed DbCommand (6ms) [Parameters=[], CommandType='Text', CommandTimeout='30']
SELECT OBJECT_ID(N'[__EFMigrationsHistory]');
2021-05-04 20:59:50.7988|INFO|Microsoft.EntityFrameworkCore.Database.Command|Executed DbCommand (3ms) [Parameters=[], CommandType='Text', CommandTimeout='30']
SELECT [MigrationId], [ProductVersion]
FROM [__EFMigrationsHistory]
ORDER BY [MigrationId];
2021-05-04 20:59:50.8159|INFO|Microsoft.EntityFrameworkCore.Migrations|Applying migration '20210504152001_StudentInfoDBInitalMigratio'.
2021-05-04 20:59:50.8537|INFO|Microsoft.EntityFrameworkCore.Database.Command|Executed DbCommand (2ms) [Parameters=[], CommandType='Text', CommandTimeout='30']
CREATE TABLE [Cities] (
    [Id] int NOT NULL IDENTITY,
    [First_Name] nvarchar(50) NOT NULL,
    [Last_Name] nvarchar(50) NOT NULL,
    [City] nvarchar(20) NOT NULL,
    [Phone] bigint NOT NULL,
    CONSTRAINT [PK_Cities] PRIMARY KEY ([Id])
);
2021-05-04 20:59:51.0842|INFO|Microsoft.EntityFrameworkCore.Database.Command|Executed DbCommand (226ms) [Parameters=[], CommandType='Text', CommandTimeout='30']
IF EXISTS (SELECT * FROM [sys].[identity_columns] WHERE [name] IN (N'Id', N'City', N'First_Name', N'Last_Name', N'Phone') AND [object_id] = OBJECT_ID(N'[Cities]'))
    SET IDENTITY_INSERT [Cities] ON;
INSERT INTO [Cities] ([Id], [City], [First_Name], [Last_Name], [Phone])
VALUES (1, N'Pune', N'Parth', N'Darekar', CAST(9876543210 AS bigint));
IF EXISTS (SELECT * FROM [sys].[identity_columns] WHERE [name] IN (N'Id', N'City', N'First_Name', N'Last_Name', N'Phone') AND [object_id] = OBJECT_ID(N'[Cities]'))
    SET IDENTITY_INSERT [Cities] OFF;
2021-05-04 20:59:51.1023|INFO|Microsoft.EntityFrameworkCore.Database.Command|Executed DbCommand (14ms) [Parameters=[], CommandType='Text', CommandTimeout='30']
IF EXISTS (SELECT * FROM [sys].[identity_columns] WHERE [name] IN (N'Id', N'City', N'First_Name', N'Last_Name', N'Phone') AND [object_id] = OBJECT_ID(N'[Cities]'))
    SET IDENTITY_INSERT [Cities] ON;
INSERT INTO [Cities] ([Id], [City], [First_Name], [Last_Name], [Phone])
VALUES (2, N'Satara', N'Nupur', N'Darekar', CAST(76543234567 AS bigint));
IF EXISTS (SELECT * FROM [sys].[identity_columns] WHERE [name] IN (N'Id', N'City', N'First_Name', N'Last_Name', N'Phone') AND [object_id] = OBJECT_ID(N'[Cities]'))
    SET IDENTITY_INSERT [Cities] OFF;
2021-05-04 20:59:51.1193|INFO|Microsoft.EntityFrameworkCore.Database.Command|Executed DbCommand (13ms) [Parameters=[], CommandType='Text', CommandTimeout='30']
IF EXISTS (SELECT * FROM [sys].[identity_columns] WHERE [name] IN (N'Id', N'City', N'First_Name', N'Last_Name', N'Phone') AND [object_id] = OBJECT_ID(N'[Cities]'))
    SET IDENTITY_INSERT [Cities] ON;
INSERT INTO [Cities] ([Id], [City], [First_Name], [Last_Name], [Phone])
VALUES (3, N'Kolhapur', N'Nachiket', N'Joshi', CAST(1234567890 AS bigint));
IF EXISTS (SELECT * FROM [sys].[identity_columns] WHERE [name] IN (N'Id', N'City', N'First_Name', N'Last_Name', N'Phone') AND [object_id] = OBJECT_ID(N'[Cities]'))
    SET IDENTITY_INSERT [Cities] OFF;
2021-05-04 20:59:51.1267|INFO|Microsoft.EntityFrameworkCore.Database.Command|Executed DbCommand (2ms) [Parameters=[], CommandType='Text', CommandTimeout='30']
INSERT INTO [__EFMigrationsHistory] ([MigrationId], [ProductVersion])
VALUES (N'20210504152001_StudentInfoDBInitalMigratio', N'2.1.14-servicing-32113');
2021-05-04 20:59:51.2722|INFO|Microsoft.AspNetCore.DataProtection.KeyManagement.XmlKeyManager|User profile is available. Using 'C:\Users\OWNER\AppData\Local\ASP.NET\DataProtection-Keys' as key repository and Windows DPAPI to encrypt keys at rest.
2021-05-04 20:59:51.9287|INFO|Microsoft.AspNetCore.Hosting.Internal.WebHost|Request starting HTTP/1.1 DEBUG http://localhost:33402/  0
2021-05-04 20:59:51.9287|INFO|Microsoft.AspNetCore.Hosting.Internal.WebHost|Request starting HTTP/1.1 GET http://localhost:44349/  
2021-05-04 20:59:52.0335|INFO|Microsoft.AspNetCore.Hosting.Internal.WebHost|Request finished in 103.5461ms 200 
2021-05-04 20:59:52.3138|INFO|Microsoft.AspNetCore.Hosting.Internal.WebHost|Request finished in 383.4111ms 404 text/plain
2021-05-04 21:17:01.6444|INFO|StudentInfo.API.Program|Initializing application...
2021-05-04 21:19:40.4288|INFO|StudentInfo.API.Program|Initializing application...
2021-05-04 21:19:41.0283|ERROR|StudentInfo.API.Program|An error occurred while migrating the database.
2021-05-04 21:19:41.1450|INFO|Microsoft.AspNetCore.DataProtection.KeyManagement.XmlKeyManager|User profile is available. Using 'C:\Users\OWNER\AppData\Local\ASP.NET\DataProtection-Keys' as key repository and Windows DPAPI to encrypt keys at rest.
2021-05-04 21:19:41.7988|INFO|Microsoft.AspNetCore.Hosting.Internal.WebHost|Request starting HTTP/1.1 GET http://localhost:44349/  
2021-05-04 21:19:42.0149|INFO|Microsoft.AspNetCore.Hosting.Internal.WebHost|Request finished in 216.8646ms 404 text/plain
2021-05-04 21:19:55.0666|INFO|Microsoft.AspNetCore.Hosting.Internal.WebHost|Request starting HTTP/1.1 GET http://localhost:44349/  
2021-05-04 21:19:55.0666|INFO|Microsoft.AspNetCore.Hosting.Internal.WebHost|Request finished in 6.153ms 404 text/plain
2021-05-04 21:26:56.0220|INFO|StudentInfo.API.Program|Initializing application...
2021-05-04 21:27:33.1893|INFO|StudentInfo.API.Program|Initializing application...
2021-05-04 21:35:06.0592|INFO|StudentInfo.API.Program|Initializing application...
2021-05-04 21:35:09.0975|INFO|Microsoft.EntityFrameworkCore.Infrastructure|Entity Framework Core 2.1.14-servicing-32113 initialized 'StudentInfoContext' using provider 'Microsoft.EntityFrameworkCore.SqlServer' with options: None
2021-05-04 21:35:10.3130|INFO|Microsoft.EntityFrameworkCore.Database.Command|Executed DbCommand (686ms) [Parameters=[], CommandType='Text', CommandTimeout='60']
IF SERVERPROPERTY('EngineEdition') <> 5
BEGIN
    ALTER DATABASE [StudentInfoDB] SET SINGLE_USER WITH ROLLBACK IMMEDIATE;
END;
2021-05-04 21:35:10.4755|INFO|Microsoft.EntityFrameworkCore.Database.Command|Executed DbCommand (152ms) [Parameters=[], CommandType='Text', CommandTimeout='60']
DROP DATABASE [StudentInfoDB];
2021-05-04 21:35:21.8420|INFO|Microsoft.EntityFrameworkCore.Database.Command|Executed DbCommand (1,303ms) [Parameters=[], CommandType='Text', CommandTimeout='60']
CREATE DATABASE [StudentInfoDB];
2021-05-04 21:35:22.0435|INFO|Microsoft.EntityFrameworkCore.Database.Command|Executed DbCommand (187ms) [Parameters=[], CommandType='Text', CommandTimeout='60']
IF SERVERPROPERTY('EngineEdition') <> 5
BEGIN
    ALTER DATABASE [StudentInfoDB] SET READ_COMMITTED_SNAPSHOT ON;
END;
2021-05-04 21:35:22.1829|INFO|Microsoft.EntityFrameworkCore.Database.Command|Executed DbCommand (8ms) [Parameters=[], CommandType='Text', CommandTimeout='30']
CREATE TABLE [__EFMigrationsHistory] (
    [MigrationId] nvarchar(150) NOT NULL,
    [ProductVersion] nvarchar(32) NOT NULL,
    CONSTRAINT [PK___EFMigrationsHistory] PRIMARY KEY ([MigrationId])
);
2021-05-04 21:35:22.1963|INFO|Microsoft.EntityFrameworkCore.Database.Command|Executed DbCommand (8ms) [Parameters=[], CommandType='Text', CommandTimeout='30']
SELECT OBJECT_ID(N'[__EFMigrationsHistory]');
2021-05-04 21:35:22.1963|INFO|Microsoft.EntityFrameworkCore.Database.Command|Executed DbCommand (2ms) [Parameters=[], CommandType='Text', CommandTimeout='30']
SELECT [MigrationId], [ProductVersion]
FROM [__EFMigrationsHistory]
ORDER BY [MigrationId];
2021-05-04 21:35:22.2218|INFO|Microsoft.EntityFrameworkCore.Migrations|Applying migration '20210504152001_StudentInfoDBInitalMigratio'.
2021-05-04 21:35:22.2600|INFO|Microsoft.EntityFrameworkCore.Database.Command|Executed DbCommand (2ms) [Parameters=[], CommandType='Text', CommandTimeout='30']
CREATE TABLE [Cities] (
    [Id] int NOT NULL IDENTITY,
    [First_Name] nvarchar(50) NOT NULL,
    [Last_Name] nvarchar(50) NOT NULL,
    [City] nvarchar(20) NOT NULL,
    [Phone] bigint NOT NULL,
    CONSTRAINT [PK_Cities] PRIMARY KEY ([Id])
);
2021-05-04 21:35:22.3031|INFO|Microsoft.EntityFrameworkCore.Database.Command|Executed DbCommand (39ms) [Parameters=[], CommandType='Text', CommandTimeout='30']
IF EXISTS (SELECT * FROM [sys].[identity_columns] WHERE [name] IN (N'Id', N'City', N'First_Name', N'Last_Name', N'Phone') AND [object_id] = OBJECT_ID(N'[Cities]'))
    SET IDENTITY_INSERT [Cities] ON;
INSERT INTO [Cities] ([Id], [City], [First_Name], [Last_Name], [Phone])
VALUES (1, N'Pune', N'Parth', N'Darekar', CAST(9876543210 AS bigint));
IF EXISTS (SELECT * FROM [sys].[identity_columns] WHERE [name] IN (N'Id', N'City', N'First_Name', N'Last_Name', N'Phone') AND [object_id] = OBJECT_ID(N'[Cities]'))
    SET IDENTITY_INSERT [Cities] OFF;
2021-05-04 21:35:22.3221|INFO|Microsoft.EntityFrameworkCore.Database.Command|Executed DbCommand (15ms) [Parameters=[], CommandType='Text', CommandTimeout='30']
IF EXISTS (SELECT * FROM [sys].[identity_columns] WHERE [name] IN (N'Id', N'City', N'First_Name', N'Last_Name', N'Phone') AND [object_id] = OBJECT_ID(N'[Cities]'))
    SET IDENTITY_INSERT [Cities] ON;
INSERT INTO [Cities] ([Id], [City], [First_Name], [Last_Name], [Phone])
VALUES (2, N'Satara', N'Nupur', N'Darekar', CAST(76543234567 AS bigint));
IF EXISTS (SELECT * FROM [sys].[identity_columns] WHERE [name] IN (N'Id', N'City', N'First_Name', N'Last_Name', N'Phone') AND [object_id] = OBJECT_ID(N'[Cities]'))
    SET IDENTITY_INSERT [Cities] OFF;
2021-05-04 21:35:22.3422|INFO|Microsoft.EntityFrameworkCore.Database.Command|Executed DbCommand (15ms) [Parameters=[], CommandType='Text', CommandTimeout='30']
IF EXISTS (SELECT * FROM [sys].[identity_columns] WHERE [name] IN (N'Id', N'City', N'First_Name', N'Last_Name', N'Phone') AND [object_id] = OBJECT_ID(N'[Cities]'))
    SET IDENTITY_INSERT [Cities] ON;
INSERT INTO [Cities] ([Id], [City], [First_Name], [Last_Name], [Phone])
VALUES (3, N'Kolhapur', N'Nachiket', N'Joshi', CAST(1234567890 AS bigint));
IF EXISTS (SELECT * FROM [sys].[identity_columns] WHERE [name] IN (N'Id', N'City', N'First_Name', N'Last_Name', N'Phone') AND [object_id] = OBJECT_ID(N'[Cities]'))
    SET IDENTITY_INSERT [Cities] OFF;
2021-05-04 21:35:22.3486|INFO|Microsoft.EntityFrameworkCore.Database.Command|Executed DbCommand (2ms) [Parameters=[], CommandType='Text', CommandTimeout='30']
INSERT INTO [__EFMigrationsHistory] ([MigrationId], [ProductVersion])
VALUES (N'20210504152001_StudentInfoDBInitalMigratio', N'2.1.14-servicing-32113');
2021-05-04 21:35:22.4548|INFO|Microsoft.AspNetCore.DataProtection.KeyManagement.XmlKeyManager|User profile is available. Using 'C:\Users\OWNER\AppData\Local\ASP.NET\DataProtection-Keys' as key repository and Windows DPAPI to encrypt keys at rest.
2021-05-04 21:35:23.2804|INFO|Microsoft.AspNetCore.Hosting.Internal.WebHost|Request starting HTTP/1.1 GET http://localhost:44349/  
2021-05-04 21:35:23.2804|INFO|Microsoft.AspNetCore.Hosting.Internal.WebHost|Request starting HTTP/1.1 DEBUG http://localhost:33402/  0
2021-05-04 21:35:23.3539|INFO|Microsoft.AspNetCore.Hosting.Internal.WebHost|Request finished in 69.3547ms 200 
2021-05-04 21:35:23.6257|INFO|Microsoft.AspNetCore.Hosting.Internal.WebHost|Request finished in 338.8049ms 404 text/plain
2021-05-04 21:52:21.3175|INFO|Microsoft.EntityFrameworkCore.Infrastructure|Entity Framework Core 2.1.14-servicing-32113 initialized 'StudentInfoContext' using provider 'Microsoft.EntityFrameworkCore.SqlServer' with options: None
2021-05-04 21:52:32.9071|INFO|Microsoft.EntityFrameworkCore.Database.Command|Executed DbCommand (1,273ms) [Parameters=[], CommandType='Text', CommandTimeout='60']
CREATE DATABASE [StudentInfoDB];
2021-05-04 21:52:33.2728|INFO|Microsoft.EntityFrameworkCore.Database.Command|Executed DbCommand (355ms) [Parameters=[], CommandType='Text', CommandTimeout='60']
IF SERVERPROPERTY('EngineEdition') <> 5
BEGIN
    ALTER DATABASE [StudentInfoDB] SET READ_COMMITTED_SNAPSHOT ON;
END;
2021-05-04 21:52:33.4065|INFO|Microsoft.EntityFrameworkCore.Database.Command|Executed DbCommand (32ms) [Parameters=[], CommandType='Text', CommandTimeout='30']
CREATE TABLE [Cities] (
    [Id] int NOT NULL IDENTITY,
    [First_Name] nvarchar(50) NOT NULL,
    [Last_Name] nvarchar(50) NOT NULL,
    [City] nvarchar(20) NOT NULL,
    [Phone] bigint NOT NULL,
    CONSTRAINT [PK_Cities] PRIMARY KEY ([Id])
);
2021-05-04 21:53:59.5282|INFO|Microsoft.EntityFrameworkCore.Infrastructure|Entity Framework Core 2.1.14-servicing-32113 initialized 'StudentInfoContext' using provider 'Microsoft.EntityFrameworkCore.SqlServer' with options: None
2021-05-04 21:53:59.9969|INFO|Microsoft.EntityFrameworkCore.Database.Command|Executed DbCommand (16ms) [Parameters=[], CommandType='Text', CommandTimeout='30']
SELECT OBJECT_ID(N'[__EFMigrationsHistory]');
2021-05-04 21:54:00.1972|INFO|Microsoft.EntityFrameworkCore.Database.Command|Executed DbCommand (115ms) [Parameters=[], CommandType='Text', CommandTimeout='30']
CREATE TABLE [__EFMigrationsHistory] (
    [MigrationId] nvarchar(150) NOT NULL,
    [ProductVersion] nvarchar(32) NOT NULL,
    CONSTRAINT [PK___EFMigrationsHistory] PRIMARY KEY ([MigrationId])
);
2021-05-04 21:54:00.1972|INFO|Microsoft.EntityFrameworkCore.Database.Command|Executed DbCommand (1ms) [Parameters=[], CommandType='Text', CommandTimeout='30']
SELECT OBJECT_ID(N'[__EFMigrationsHistory]');
2021-05-04 21:54:00.1972|INFO|Microsoft.EntityFrameworkCore.Database.Command|Executed DbCommand (2ms) [Parameters=[], CommandType='Text', CommandTimeout='30']
SELECT [MigrationId], [ProductVersion]
FROM [__EFMigrationsHistory]
ORDER BY [MigrationId];
2021-05-04 21:54:00.2184|INFO|Microsoft.EntityFrameworkCore.Migrations|Applying migration '20210504162233_StudentInfoDBInitialMigration'.
2021-05-04 21:54:00.3116|ERROR|Microsoft.EntityFrameworkCore.Database.Command|Failed executing DbCommand (1ms) [Parameters=[], CommandType='Text', CommandTimeout='30']
CREATE TABLE [Cities] (
    [Id] int NOT NULL IDENTITY,
    [First_Name] nvarchar(50) NOT NULL,
    [Last_Name] nvarchar(50) NOT NULL,
    [City] nvarchar(20) NOT NULL,
    [Phone] bigint NOT NULL,
    CONSTRAINT [PK_Cities] PRIMARY KEY ([Id])
);
2021-05-04 21:55:05.7976|INFO|StudentInfo.API.Program|Initializing application...
2021-05-04 21:55:10.3230|INFO|Microsoft.EntityFrameworkCore.Infrastructure|Entity Framework Core 2.1.14-servicing-32113 initialized 'StudentInfoContext' using provider 'Microsoft.EntityFrameworkCore.SqlServer' with options: None
2021-05-04 21:55:22.7860|INFO|Microsoft.EntityFrameworkCore.Database.Command|Executed DbCommand (2,087ms) [Parameters=[], CommandType='Text', CommandTimeout='60']
CREATE DATABASE [StudentInfoDB];
2021-05-04 21:55:23.4148|INFO|Microsoft.EntityFrameworkCore.Database.Command|Executed DbCommand (620ms) [Parameters=[], CommandType='Text', CommandTimeout='60']
IF SERVERPROPERTY('EngineEdition') <> 5
BEGIN
    ALTER DATABASE [StudentInfoDB] SET READ_COMMITTED_SNAPSHOT ON;
END;
2021-05-04 21:55:23.5234|INFO|Microsoft.EntityFrameworkCore.Database.Command|Executed DbCommand (7ms) [Parameters=[], CommandType='Text', CommandTimeout='30']
CREATE TABLE [__EFMigrationsHistory] (
    [MigrationId] nvarchar(150) NOT NULL,
    [ProductVersion] nvarchar(32) NOT NULL,
    CONSTRAINT [PK___EFMigrationsHistory] PRIMARY KEY ([MigrationId])
);
2021-05-04 21:55:23.5340|INFO|Microsoft.EntityFrameworkCore.Database.Command|Executed DbCommand (6ms) [Parameters=[], CommandType='Text', CommandTimeout='30']
SELECT OBJECT_ID(N'[__EFMigrationsHistory]');
2021-05-04 21:55:23.5340|INFO|Microsoft.EntityFrameworkCore.Database.Command|Executed DbCommand (2ms) [Parameters=[], CommandType='Text', CommandTimeout='30']
SELECT [MigrationId], [ProductVersion]
FROM [__EFMigrationsHistory]
ORDER BY [MigrationId];
2021-05-04 21:55:23.5583|INFO|Microsoft.EntityFrameworkCore.Migrations|Applying migration '20210504162233_StudentInfoDBInitialMigration'.
2021-05-04 21:55:23.5792|INFO|Microsoft.EntityFrameworkCore.Database.Command|Executed DbCommand (2ms) [Parameters=[], CommandType='Text', CommandTimeout='30']
CREATE TABLE [Cities] (
    [Id] int NOT NULL IDENTITY,
    [First_Name] nvarchar(50) NOT NULL,
    [Last_Name] nvarchar(50) NOT NULL,
    [City] nvarchar(20) NOT NULL,
    [Phone] bigint NOT NULL,
    CONSTRAINT [PK_Cities] PRIMARY KEY ([Id])
);
2021-05-04 21:55:23.5854|INFO|Microsoft.EntityFrameworkCore.Database.Command|Executed DbCommand (2ms) [Parameters=[], CommandType='Text', CommandTimeout='30']
INSERT INTO [__EFMigrationsHistory] ([MigrationId], [ProductVersion])
VALUES (N'20210504162233_StudentInfoDBInitialMigration', N'2.1.14-servicing-32113');
2021-05-04 21:55:23.7821|INFO|Microsoft.AspNetCore.DataProtection.KeyManagement.XmlKeyManager|User profile is available. Using 'C:\Users\OWNER\AppData\Local\ASP.NET\DataProtection-Keys' as key repository and Windows DPAPI to encrypt keys at rest.
2021-05-04 21:55:24.5845|INFO|Microsoft.AspNetCore.Hosting.Internal.WebHost|Request starting HTTP/1.1 GET http://localhost:44349/  
2021-05-04 21:55:24.5845|INFO|Microsoft.AspNetCore.Hosting.Internal.WebHost|Request starting HTTP/1.1 DEBUG http://localhost:33402/  0
2021-05-04 21:55:24.6579|INFO|Microsoft.AspNetCore.Hosting.Internal.WebHost|Request finished in 75.1547ms 200 
2021-05-04 21:55:24.9202|INFO|Microsoft.AspNetCore.Hosting.Internal.WebHost|Request finished in 339.1586ms 404 text/plain
2021-05-04 21:59:04.1482|INFO|Microsoft.EntityFrameworkCore.Infrastructure|Entity Framework Core 2.1.14-servicing-32113 initialized 'StudentInfoContext' using provider 'Microsoft.EntityFrameworkCore.SqlServer' with options: None
2021-05-04 21:59:23.8010|INFO|StudentInfo.API.Program|Initializing application...
2021-05-04 21:59:27.1627|INFO|Microsoft.EntityFrameworkCore.Infrastructure|Entity Framework Core 2.1.14-servicing-32113 initialized 'StudentInfoContext' using provider 'Microsoft.EntityFrameworkCore.SqlServer' with options: None
2021-05-04 21:59:30.4660|INFO|Microsoft.EntityFrameworkCore.Database.Command|Executed DbCommand (3,009ms) [Parameters=[], CommandType='Text', CommandTimeout='60']
IF SERVERPROPERTY('EngineEdition') <> 5
BEGIN
    ALTER DATABASE [StudentInfoDB] SET SINGLE_USER WITH ROLLBACK IMMEDIATE;
END;
2021-05-04 21:59:30.5639|INFO|Microsoft.EntityFrameworkCore.Database.Command|Executed DbCommand (92ms) [Parameters=[], CommandType='Text', CommandTimeout='60']
DROP DATABASE [StudentInfoDB];
2021-05-04 21:59:41.8727|INFO|Microsoft.EntityFrameworkCore.Database.Command|Executed DbCommand (1,228ms) [Parameters=[], CommandType='Text', CommandTimeout='60']
CREATE DATABASE [StudentInfoDB];
2021-05-04 21:59:42.0996|INFO|Microsoft.EntityFrameworkCore.Database.Command|Executed DbCommand (211ms) [Parameters=[], CommandType='Text', CommandTimeout='60']
IF SERVERPROPERTY('EngineEdition') <> 5
BEGIN
    ALTER DATABASE [StudentInfoDB] SET READ_COMMITTED_SNAPSHOT ON;
END;
2021-05-04 21:59:42.2405|INFO|Microsoft.EntityFrameworkCore.Database.Command|Executed DbCommand (10ms) [Parameters=[], CommandType='Text', CommandTimeout='30']
CREATE TABLE [__EFMigrationsHistory] (
    [MigrationId] nvarchar(150) NOT NULL,
    [ProductVersion] nvarchar(32) NOT NULL,
    CONSTRAINT [PK___EFMigrationsHistory] PRIMARY KEY ([MigrationId])
);
2021-05-04 21:59:42.2869|INFO|Microsoft.EntityFrameworkCore.Database.Command|Executed DbCommand (7ms) [Parameters=[], CommandType='Text', CommandTimeout='30']
SELECT OBJECT_ID(N'[__EFMigrationsHistory]');
2021-05-04 21:59:42.2993|INFO|Microsoft.EntityFrameworkCore.Database.Command|Executed DbCommand (3ms) [Parameters=[], CommandType='Text', CommandTimeout='30']
SELECT [MigrationId], [ProductVersion]
FROM [__EFMigrationsHistory]
ORDER BY [MigrationId];
2021-05-04 21:59:42.3324|INFO|Microsoft.EntityFrameworkCore.Migrations|Applying migration '20210504162233_StudentInfoDBInitialMigration'.
2021-05-04 21:59:42.3733|INFO|Microsoft.EntityFrameworkCore.Database.Command|Executed DbCommand (10ms) [Parameters=[], CommandType='Text', CommandTimeout='30']
CREATE TABLE [Cities] (
    [Id] int NOT NULL IDENTITY,
    [First_Name] nvarchar(50) NOT NULL,
    [Last_Name] nvarchar(50) NOT NULL,
    [City] nvarchar(20) NOT NULL,
    [Phone] bigint NOT NULL,
    CONSTRAINT [PK_Cities] PRIMARY KEY ([Id])
);
2021-05-04 21:59:42.3831|INFO|Microsoft.EntityFrameworkCore.Database.Command|Executed DbCommand (5ms) [Parameters=[], CommandType='Text', CommandTimeout='30']
INSERT INTO [__EFMigrationsHistory] ([MigrationId], [ProductVersion])
VALUES (N'20210504162233_StudentInfoDBInitialMigration', N'2.1.14-servicing-32113');
2021-05-04 21:59:42.3935|INFO|Microsoft.EntityFrameworkCore.Migrations|Applying migration '20210504162904_SampleData'.
2021-05-04 21:59:42.4549|INFO|Microsoft.EntityFrameworkCore.Database.Command|Executed DbCommand (45ms) [Parameters=[], CommandType='Text', CommandTimeout='30']
IF EXISTS (SELECT * FROM [sys].[identity_columns] WHERE [name] IN (N'Id', N'City', N'First_Name', N'Last_Name', N'Phone') AND [object_id] = OBJECT_ID(N'[Cities]'))
    SET IDENTITY_INSERT [Cities] ON;
INSERT INTO [Cities] ([Id], [City], [First_Name], [Last_Name], [Phone])
VALUES (1, N'Pune', N'Parth', N'Darekar', CAST(9876543210 AS bigint));
IF EXISTS (SELECT * FROM [sys].[identity_columns] WHERE [name] IN (N'Id', N'City', N'First_Name', N'Last_Name', N'Phone') AND [object_id] = OBJECT_ID(N'[Cities]'))
    SET IDENTITY_INSERT [Cities] OFF;
2021-05-04 21:59:42.4779|INFO|Microsoft.EntityFrameworkCore.Database.Command|Executed DbCommand (18ms) [Parameters=[], CommandType='Text', CommandTimeout='30']
IF EXISTS (SELECT * FROM [sys].[identity_columns] WHERE [name] IN (N'Id', N'City', N'First_Name', N'Last_Name', N'Phone') AND [object_id] = OBJECT_ID(N'[Cities]'))
    SET IDENTITY_INSERT [Cities] ON;
INSERT INTO [Cities] ([Id], [City], [First_Name], [Last_Name], [Phone])
VALUES (2, N'Satara', N'Nupur', N'Darekar', CAST(76543234567 AS bigint));
IF EXISTS (SELECT * FROM [sys].[identity_columns] WHERE [name] IN (N'Id', N'City', N'First_Name', N'Last_Name', N'Phone') AND [object_id] = OBJECT_ID(N'[Cities]'))
    SET IDENTITY_INSERT [Cities] OFF;
2021-05-04 21:59:42.5030|INFO|Microsoft.EntityFrameworkCore.Database.Command|Executed DbCommand (21ms) [Parameters=[], CommandType='Text', CommandTimeout='30']
IF EXISTS (SELECT * FROM [sys].[identity_columns] WHERE [name] IN (N'Id', N'City', N'First_Name', N'Last_Name', N'Phone') AND [object_id] = OBJECT_ID(N'[Cities]'))
    SET IDENTITY_INSERT [Cities] ON;
INSERT INTO [Cities] ([Id], [City], [First_Name], [Last_Name], [Phone])
VALUES (3, N'Kolhapur', N'Nachiket', N'Joshi', CAST(1234567890 AS bigint));
IF EXISTS (SELECT * FROM [sys].[identity_columns] WHERE [name] IN (N'Id', N'City', N'First_Name', N'Last_Name', N'Phone') AND [object_id] = OBJECT_ID(N'[Cities]'))
    SET IDENTITY_INSERT [Cities] OFF;
2021-05-04 21:59:42.5030|INFO|Microsoft.EntityFrameworkCore.Database.Command|Executed DbCommand (2ms) [Parameters=[], CommandType='Text', CommandTimeout='30']
INSERT INTO [__EFMigrationsHistory] ([MigrationId], [ProductVersion])
VALUES (N'20210504162904_SampleData', N'2.1.14-servicing-32113');
2021-05-04 21:59:42.6177|INFO|Microsoft.AspNetCore.DataProtection.KeyManagement.XmlKeyManager|User profile is available. Using 'C:\Users\OWNER\AppData\Local\ASP.NET\DataProtection-Keys' as key repository and Windows DPAPI to encrypt keys at rest.
2021-05-04 21:59:43.4707|INFO|Microsoft.AspNetCore.Hosting.Internal.WebHost|Request starting HTTP/1.1 GET http://localhost:44349/  
2021-05-04 21:59:43.4707|INFO|Microsoft.AspNetCore.Hosting.Internal.WebHost|Request starting HTTP/1.1 DEBUG http://localhost:33402/  0
2021-05-04 21:59:43.5485|INFO|Microsoft.AspNetCore.Hosting.Internal.WebHost|Request finished in 77.2754ms 200 
2021-05-04 21:59:43.8502|INFO|Microsoft.AspNetCore.Hosting.Internal.WebHost|Request finished in 382.1343ms 404 text/plain
