2021-05-26 09:44:27.3884|INFO|StudentInfo.API.Program|Initializing application...
2021-05-26 09:44:33.8226|INFO|Microsoft.EntityFrameworkCore.Infrastructure|Entity Framework Core 2.1.14-servicing-32113 initialized 'StudentInfoContext' using provider 'Microsoft.EntityFrameworkCore.SqlServer' with options: None
2021-05-26 09:44:34.7901|INFO|Microsoft.EntityFrameworkCore.Database.Command|Executed DbCommand (140ms) [Parameters=[], CommandType='Text', CommandTimeout='60']
IF SERVERPROPERTY('EngineEdition') <> 5
BEGIN
    ALTER DATABASE [StudentInfoDB] SET SINGLE_USER WITH ROLLBACK IMMEDIATE;
END;
2021-05-26 09:44:34.8928|INFO|Microsoft.EntityFrameworkCore.Database.Command|Executed DbCommand (97ms) [Parameters=[], CommandType='Text', CommandTimeout='60']
DROP DATABASE [StudentInfoDB];
2021-05-26 09:44:57.7824|INFO|Microsoft.EntityFrameworkCore.Database.Command|Executed DbCommand (2,224ms) [Parameters=[], CommandType='Text', CommandTimeout='60']
CREATE DATABASE [StudentInfoDB];
2021-05-26 09:44:58.1154|INFO|Microsoft.EntityFrameworkCore.Database.Command|Executed DbCommand (323ms) [Parameters=[], CommandType='Text', CommandTimeout='60']
IF SERVERPROPERTY('EngineEdition') <> 5
BEGIN
    ALTER DATABASE [StudentInfoDB] SET READ_COMMITTED_SNAPSHOT ON;
END;
2021-05-26 09:44:58.2890|INFO|Microsoft.EntityFrameworkCore.Database.Command|Executed DbCommand (11ms) [Parameters=[], CommandType='Text', CommandTimeout='30']
CREATE TABLE [__EFMigrationsHistory] (
    [MigrationId] nvarchar(150) NOT NULL,
    [ProductVersion] nvarchar(32) NOT NULL,
    CONSTRAINT [PK___EFMigrationsHistory] PRIMARY KEY ([MigrationId])
);
2021-05-26 09:44:58.3022|INFO|Microsoft.EntityFrameworkCore.Database.Command|Executed DbCommand (5ms) [Parameters=[], CommandType='Text', CommandTimeout='30']
SELECT OBJECT_ID(N'[__EFMigrationsHistory]');
2021-05-26 09:44:58.3187|INFO|Microsoft.EntityFrameworkCore.Database.Command|Executed DbCommand (3ms) [Parameters=[], CommandType='Text', CommandTimeout='30']
SELECT [MigrationId], [ProductVersion]
FROM [__EFMigrationsHistory]
ORDER BY [MigrationId];
2021-05-26 09:44:58.3392|INFO|Microsoft.EntityFrameworkCore.Migrations|Applying migration '20210504162233_StudentInfoDBInitialMigration'.
2021-05-26 09:44:58.3742|INFO|Microsoft.EntityFrameworkCore.Database.Command|Executed DbCommand (3ms) [Parameters=[], CommandType='Text', CommandTimeout='30']
CREATE TABLE [Students] (
    [Id] int NOT NULL IDENTITY,
    [First_Name] nvarchar(50) NOT NULL,
    [Last_Name] nvarchar(50) NOT NULL,
    [City] nvarchar(20) NOT NULL,
    [Phone] bigint NOT NULL,
    CONSTRAINT [PK_Students] PRIMARY KEY ([Id])
);
2021-05-26 09:44:58.3742|INFO|Microsoft.EntityFrameworkCore.Database.Command|Executed DbCommand (3ms) [Parameters=[], CommandType='Text', CommandTimeout='30']
INSERT INTO [__EFMigrationsHistory] ([MigrationId], [ProductVersion])
VALUES (N'20210504162233_StudentInfoDBInitialMigration', N'2.1.14-servicing-32113');
2021-05-26 09:44:58.3917|INFO|Microsoft.EntityFrameworkCore.Migrations|Applying migration '20210504162904_SampleData'.
2021-05-26 09:44:58.4410|INFO|Microsoft.EntityFrameworkCore.Database.Command|Executed DbCommand (33ms) [Parameters=[], CommandType='Text', CommandTimeout='30']
IF EXISTS (SELECT * FROM [sys].[identity_columns] WHERE [name] IN (N'Id', N'City', N'First_Name', N'Last_Name', N'Phone') AND [object_id] = OBJECT_ID(N'[Students]'))
    SET IDENTITY_INSERT [Students] ON;
INSERT INTO [Students] ([Id], [City], [First_Name], [Last_Name], [Phone])
VALUES (1, N'Pune', N'Parth', N'Darekar', CAST(9876543210 AS bigint));
IF EXISTS (SELECT * FROM [sys].[identity_columns] WHERE [name] IN (N'Id', N'City', N'First_Name', N'Last_Name', N'Phone') AND [object_id] = OBJECT_ID(N'[Students]'))
    SET IDENTITY_INSERT [Students] OFF;
2021-05-26 09:44:58.4708|INFO|Microsoft.EntityFrameworkCore.Database.Command|Executed DbCommand (26ms) [Parameters=[], CommandType='Text', CommandTimeout='30']
IF EXISTS (SELECT * FROM [sys].[identity_columns] WHERE [name] IN (N'Id', N'City', N'First_Name', N'Last_Name', N'Phone') AND [object_id] = OBJECT_ID(N'[Students]'))
    SET IDENTITY_INSERT [Students] ON;
INSERT INTO [Students] ([Id], [City], [First_Name], [Last_Name], [Phone])
VALUES (2, N'Satara', N'Nupur', N'Darekar', CAST(76543234567 AS bigint));
IF EXISTS (SELECT * FROM [sys].[identity_columns] WHERE [name] IN (N'Id', N'City', N'First_Name', N'Last_Name', N'Phone') AND [object_id] = OBJECT_ID(N'[Students]'))
    SET IDENTITY_INSERT [Students] OFF;
2021-05-26 09:44:58.4910|INFO|Microsoft.EntityFrameworkCore.Database.Command|Executed DbCommand (16ms) [Parameters=[], CommandType='Text', CommandTimeout='30']
IF EXISTS (SELECT * FROM [sys].[identity_columns] WHERE [name] IN (N'Id', N'City', N'First_Name', N'Last_Name', N'Phone') AND [object_id] = OBJECT_ID(N'[Students]'))
    SET IDENTITY_INSERT [Students] ON;
INSERT INTO [Students] ([Id], [City], [First_Name], [Last_Name], [Phone])
VALUES (3, N'Kolhapur', N'Nachiket', N'Joshi', CAST(1234567890 AS bigint));
IF EXISTS (SELECT * FROM [sys].[identity_columns] WHERE [name] IN (N'Id', N'City', N'First_Name', N'Last_Name', N'Phone') AND [object_id] = OBJECT_ID(N'[Students]'))
    SET IDENTITY_INSERT [Students] OFF;
2021-05-26 09:44:58.4965|INFO|Microsoft.EntityFrameworkCore.Database.Command|Executed DbCommand (1ms) [Parameters=[], CommandType='Text', CommandTimeout='30']
INSERT INTO [__EFMigrationsHistory] ([MigrationId], [ProductVersion])
VALUES (N'20210504162904_SampleData', N'2.1.14-servicing-32113');
2021-05-26 09:44:58.4965|INFO|Microsoft.EntityFrameworkCore.Migrations|Applying migration '20210525171731_First'.
2021-05-26 09:44:58.5123|INFO|Microsoft.EntityFrameworkCore.Database.Command|Executed DbCommand (1ms) [Parameters=[], CommandType='Text', CommandTimeout='30']
INSERT INTO [__EFMigrationsHistory] ([MigrationId], [ProductVersion])
VALUES (N'20210525171731_First', N'2.1.14-servicing-32113');
2021-05-26 09:44:58.5954|INFO|Microsoft.AspNetCore.DataProtection.KeyManagement.XmlKeyManager|User profile is available. Using 'C:\Users\OWNER\AppData\Local\ASP.NET\DataProtection-Keys' as key repository and Windows DPAPI to encrypt keys at rest.
2021-05-26 09:44:59.4444|INFO|Microsoft.AspNetCore.Hosting.Internal.WebHost|Request starting HTTP/1.1 DEBUG http://localhost:33402/  0
2021-05-26 09:44:59.4444|INFO|Microsoft.AspNetCore.Hosting.Internal.WebHost|Request starting HTTP/1.1 GET http://localhost:44349/  
2021-05-26 09:44:59.5200|INFO|Microsoft.AspNetCore.Hosting.Internal.WebHost|Request finished in 73.2264ms 200 
2021-05-26 09:44:59.7434|INFO|Microsoft.AspNetCore.Hosting.Internal.WebHost|Request finished in 291.6583ms 404 text/plain
2021-05-26 09:45:21.7039|INFO|Microsoft.AspNetCore.Hosting.Internal.WebHost|Request starting HTTP/1.1 GET http://localhost:33402/api/students  
2021-05-26 09:45:21.7753|INFO|Microsoft.AspNetCore.Mvc.Internal.ControllerActionInvoker|Route matched with {action = "GetStudents", controller = "Student"}. Executing controller action with signature Microsoft.AspNetCore.Mvc.IActionResult GetStudents() on controller StudentInfo.API.Controllers.StudentController (StudentInfo.API).
2021-05-26 09:45:21.8161|INFO|Microsoft.AspNetCore.Mvc.Internal.ControllerActionInvoker|Executing action method StudentInfo.API.Controllers.StudentController.GetStudents (StudentInfo.API) - Validation state: Valid
2021-05-26 09:45:21.8307|INFO|Microsoft.EntityFrameworkCore.Infrastructure|Entity Framework Core 2.1.14-servicing-32113 initialized 'StudentInfoContext' using provider 'Microsoft.EntityFrameworkCore.SqlServer' with options: None
2021-05-26 09:45:22.0933|INFO|Microsoft.EntityFrameworkCore.Database.Command|Executed DbCommand (1ms) [Parameters=[], CommandType='Text', CommandTimeout='30']
SELECT [c].[Id], [c].[City], [c].[First_Name], [c].[Last_Name], [c].[Phone]
FROM [Students] AS [c]
ORDER BY [c].[Id]
2021-05-26 09:45:22.2210|INFO|Microsoft.AspNetCore.Mvc.Internal.ControllerActionInvoker|Executed action method StudentInfo.API.Controllers.StudentController.GetStudents (StudentInfo.API), returned result Microsoft.AspNetCore.Mvc.OkObjectResult in 394.3693ms.
2021-05-26 09:45:22.2406|INFO|Microsoft.AspNetCore.Mvc.Infrastructure.ObjectResultExecutor|Executing ObjectResult, writing value of type 'System.Collections.Generic.List`1[[StudentInfo.API.Models.StudentDto, StudentInfo.API, Version=1.0.0.0, Culture=neutral, PublicKeyToken=null]]'.
2021-05-26 09:45:22.3641|INFO|Microsoft.AspNetCore.Mvc.Internal.ControllerActionInvoker|Executed action StudentInfo.API.Controllers.StudentController.GetStudents (StudentInfo.API) in 552.1277ms
2021-05-26 09:45:22.3889|INFO|Microsoft.AspNetCore.Hosting.Internal.WebHost|Request finished in 677.9251ms 200 application/json; charset=utf-8
2021-05-26 09:45:31.2586|INFO|Microsoft.AspNetCore.Hosting.Internal.WebHost|Request starting HTTP/1.1 GET http://localhost:33402/api/students/3  
2021-05-26 09:45:31.3097|INFO|Microsoft.AspNetCore.Mvc.Internal.ControllerActionInvoker|Route matched with {action = "GetSingleStudent", controller = "Student"}. Executing controller action with signature Microsoft.AspNetCore.Mvc.IActionResult GetSingleStudent(Int32) on controller StudentInfo.API.Controllers.StudentController (StudentInfo.API).
2021-05-26 09:45:31.3935|INFO|Microsoft.AspNetCore.Mvc.Internal.ControllerActionInvoker|Executing action method StudentInfo.API.Controllers.StudentController.GetSingleStudent (StudentInfo.API) - Validation state: Valid
2021-05-26 09:45:31.4116|INFO|Microsoft.EntityFrameworkCore.Infrastructure|Entity Framework Core 2.1.14-servicing-32113 initialized 'StudentInfoContext' using provider 'Microsoft.EntityFrameworkCore.SqlServer' with options: None
2021-05-26 09:45:31.6489|INFO|Microsoft.EntityFrameworkCore.Database.Command|Executed DbCommand (20ms) [Parameters=[@__id_0='?' (DbType = Int32)], CommandType='Text', CommandTimeout='30']
SELECT TOP(1) [c].[Id], [c].[City], [c].[First_Name], [c].[Last_Name], [c].[Phone]
FROM [Students] AS [c]
WHERE [c].[Id] = @__id_0
2021-05-26 09:45:31.6675|INFO|Microsoft.AspNetCore.Mvc.Internal.ControllerActionInvoker|Executed action method StudentInfo.API.Controllers.StudentController.GetSingleStudent (StudentInfo.API), returned result Microsoft.AspNetCore.Mvc.OkObjectResult in 269.6874ms.
2021-05-26 09:45:31.6675|INFO|Microsoft.AspNetCore.Mvc.Infrastructure.ObjectResultExecutor|Executing ObjectResult, writing value of type 'StudentInfo.API.Models.StudentDto'.
2021-05-26 09:45:31.6675|INFO|Microsoft.AspNetCore.Mvc.Internal.ControllerActionInvoker|Executed action StudentInfo.API.Controllers.StudentController.GetSingleStudent (StudentInfo.API) in 366.6085ms
2021-05-26 09:45:31.6891|INFO|Microsoft.AspNetCore.Hosting.Internal.WebHost|Request finished in 430.2482ms 200 application/json; charset=utf-8
